Log file open, 10/14/21 11:41:14
LogWindows: Failed to load 'aqProf.dll' (GetLastError=126)
LogWindows: File 'aqProf.dll' does not exist
LogWindows: Failed to load 'VtuneApi.dll' (GetLastError=126)
LogWindows: File 'VtuneApi.dll' does not exist
LogWindows: Failed to load 'VtuneApi32e.dll' (GetLastError=126)
LogWindows: File 'VtuneApi32e.dll' does not exist
LogConsoleResponse: Display: Failed to find resolution value strings in scalability ini. Falling back to default.
LogConsoleResponse: Display: Failed to find resolution value strings in scalability ini. Falling back to default.
LogInit: Display: Running engine for game: Prototype1
LogPlatformFile: Not using cached read wrapper
LogTaskGraph: Started task graph with 5 named threads and 17 total threads with 3 sets of task threads.
LogStats: Stats thread started at 1.010137
LogICUInternationalization: ICU TimeZone Detection - Raw Offset: +10:00, Platform Override: ''
LogInit: Display: Loading text-based GConfig....
LogPluginManager: Mounting plugin MeshPainting
LogPluginManager: Mounting plugin XGEController
LogPluginManager: Mounting plugin Paper2D
LogPluginManager: Mounting plugin AISupport
LogPluginManager: Mounting plugin EnvironmentQueryEditor
LogPluginManager: Mounting plugin LiveLink
LogPluginManager: Mounting plugin LightPropagationVolume
LogPluginManager: Mounting plugin CameraShakePreviewer
LogPluginManager: Mounting plugin GameplayCameras
LogPluginManager: Mounting plugin OodleData
LogPluginManager: Mounting plugin OodleNetwork
LogPluginManager: Mounting plugin AnimationSharing
LogPluginManager: Mounting plugin CLionSourceCodeAccess
LogPluginManager: Mounting plugin CodeLiteSourceCodeAccess
LogPluginManager: Mounting plugin GitSourceControl
LogPluginManager: Mounting plugin KDevelopSourceCodeAccess
LogPluginManager: Mounting plugin NullSourceCodeAccess
LogPluginManager: Mounting plugin PerforceSourceControl
LogPluginManager: Mounting plugin PixWinPlugin
LogPluginManager: Mounting plugin PlasticSourceControl
LogPluginManager: Mounting plugin PluginUtils
LogPluginManager: Mounting plugin PropertyAccessNode
LogPluginManager: Mounting plugin RiderSourceCodeAccess
LogPluginManager: Mounting plugin SubversionSourceControl
LogPluginManager: Mounting plugin TextureFormatOodle
LogPluginManager: Mounting plugin UObjectPlugin
LogPluginManager: Mounting plugin VisualStudioCodeSourceCodeAccess
LogPluginManager: Mounting plugin VisualStudioSourceCodeAccess
LogPluginManager: Mounting plugin XCodeSourceCodeAccess
LogPluginManager: Mounting plugin AssetManagerEditor
LogPluginManager: Mounting plugin CryptoKeys
LogPluginManager: Mounting plugin CurveEditorTools
LogPluginManager: Mounting plugin DataValidation
LogPluginManager: Mounting plugin FacialAnimation
LogPluginManager: Mounting plugin GameplayTagsEditor
LogPluginManager: Mounting plugin GeometryMode
LogPluginManager: Mounting plugin MacGraphicsSwitching
LogPluginManager: Mounting plugin MaterialAnalyzer
LogPluginManager: Mounting plugin MobileLauncherProfileWizard
LogPluginManager: Mounting plugin PluginBrowser
LogPluginManager: Mounting plugin SpeedTreeImporter
LogPluginManager: Mounting plugin DatasmithContent
LogPluginManager: Mounting plugin VariantManagerContent
LogPluginManager: Mounting plugin AlembicImporter
LogPluginManager: Mounting plugin AutomationUtils
LogPluginManager: Mounting plugin BackChannel
LogPluginManager: Mounting plugin ChaosCloth
LogPluginManager: Mounting plugin ChaosClothEditor
LogPluginManager: Mounting plugin ChaosEditor
LogPluginManager: Mounting plugin ChaosNiagara
LogPluginManager: Mounting plugin ChaosSolverPlugin
LogPluginManager: Mounting plugin CharacterAI
LogPluginManager: Mounting plugin Gauntlet
LogPluginManager: Mounting plugin GeometryCache
LogPluginManager: Mounting plugin GeometryCollectionPlugin
LogPluginManager: Mounting plugin GeometryProcessing
LogPluginManager: Mounting plugin MotoSynth
LogPluginManager: Mounting plugin OpenImageDenoise
LogPluginManager: Mounting plugin PlanarCut
LogPluginManager: Mounting plugin PlatformCrypto
LogPluginManager: Mounting plugin ProxyLODPlugin
LogPluginManager: Mounting plugin PythonScriptPlugin
LogPluginManager: Mounting plugin SkeletalReduction
LogPluginManager: Mounting plugin Niagara
LogPluginManager: Mounting plugin LuminPlatformFeatures
LogPluginManager: Mounting plugin MagicLeap
LogPluginManager: Mounting plugin MagicLeapLightEstimation
LogPluginManager: Mounting plugin MagicLeapMedia
LogPluginManager: Mounting plugin MagicLeapPassableWorld
LogPluginManager: Mounting plugin MLSDK
LogPluginManager: Mounting plugin AndroidMedia
LogPluginManager: Mounting plugin AvfMedia
LogPluginManager: Mounting plugin ImgMedia
LogPluginManager: Mounting plugin MediaCompositing
LogPluginManager: Mounting plugin MediaPlayerEditor
LogPluginManager: Mounting plugin WebMMedia
LogPluginManager: Mounting plugin WmfMedia
LogPluginManager: Mounting plugin TcpMessaging
LogPluginManager: Mounting plugin UdpMessaging
LogPluginManager: Mounting plugin ActorSequence
LogPluginManager: Mounting plugin LevelSequenceEditor
LogPluginManager: Mounting plugin MatineeToLevelSequence
LogPluginManager: Mounting plugin TemplateSequence
LogPluginManager: Mounting plugin EOSShared
LogPluginManager: Mounting plugin OnlineSubsystem
LogPluginManager: Mounting plugin OnlineSubsystemEOS
LogPluginManager: Mounting plugin OnlineSubsystemNull
LogPluginManager: Mounting plugin OnlineSubsystemSteam
LogPluginManager: Mounting plugin OnlineSubsystemUtils
LogPluginManager: Mounting plugin LauncherChunkInstaller
LogPluginManager: Mounting plugin ActorLayerUtilities
LogPluginManager: Mounting plugin AndroidDeviceProfileSelector
LogPluginManager: Mounting plugin AndroidMoviePlayer
LogPluginManager: Mounting plugin AndroidPermission
LogPluginManager: Mounting plugin AppleImageUtils
LogPluginManager: Mounting plugin AppleMoviePlayer
LogPluginManager: Mounting plugin ArchVisCharacter
LogPluginManager: Mounting plugin AssetTags
LogPluginManager: Mounting plugin AudioCapture
LogPluginManager: Mounting plugin AudioSynesthesia
LogPluginManager: Mounting plugin CableComponent
LogPluginManager: Mounting plugin ChunkDownloader
LogPluginManager: Mounting plugin CustomMeshComponent
LogPluginManager: Mounting plugin EditableMesh
LogPluginManager: Mounting plugin ExampleDeviceProfileSelector
LogPluginManager: Mounting plugin GoogleCloudMessaging
LogPluginManager: Mounting plugin GooglePAD
LogPluginManager: Mounting plugin IOSDeviceProfileSelector
LogPluginManager: Mounting plugin LinuxDeviceProfileSelector
LogPluginManager: Mounting plugin LocationServicesBPLibrary
LogPluginManager: Mounting plugin MobilePatchingUtils
LogPluginManager: Mounting plugin OpenXR
LogPluginManager: Mounting plugin OpenXREyeTracker
LogPluginManager: Mounting plugin OpenXRHandTracking
LogPluginManager: Mounting plugin PhysXVehicles
LogPluginManager: Mounting plugin PostSplashScreen
LogPluginManager: Mounting plugin ProceduralMeshComponent
LogPluginManager: Mounting plugin PropertyAccessEditor
LogPluginManager: Mounting plugin ReplicationGraph
LogPluginManager: Mounting plugin RuntimePhysXCooking
LogPluginManager: Mounting plugin SignificanceManager
LogPluginManager: Mounting plugin SoundFields
LogPluginManager: Mounting plugin Synthesis
LogPluginManager: Mounting plugin WebMMoviePlayer
LogPluginManager: Mounting plugin WindowsMoviePlayer
LogPluginManager: Mounting plugin ScreenshotTools
LogPluginManager: Mounting plugin Takes
LogPluginManager: Mounting plugin ContentBrowserAssetDataSource
LogPluginManager: Mounting plugin ContentBrowserClassDataSource
LogPluginManager: Mounting plugin ContentBrowserFileDataSource
LogPluginManager: Mounting plugin OnlineSubsystemGooglePlay
LogPluginManager: Mounting plugin OnlineSubsystemIOS
LogPluginManager: Mounting plugin EOSVoiceChat
LogPluginManager: Mounting plugin Reflex
LogPluginManager: Mounting plugin OculusVR
LogPluginManager: Mounting plugin AESHandlerComponent
LogPluginManager: Mounting plugin SteamController
LogPluginManager: Mounting plugin SteamShared
LogPluginManager: Mounting plugin SteamVR
PixWinPlugin: PIX capture plugin failed to initialize! Check that the process is launched from PIX.
LogInit: Using libcurl 7.55.1-DEV
LogInit:  - built for x86_64-pc-win32
LogInit:  - supports SSL with OpenSSL/1.1.1
LogInit:  - supports HTTP deflate (compression) using libz 1.2.8
LogInit:  - other features:
LogInit:      CURL_VERSION_SSL
LogInit:      CURL_VERSION_LIBZ
LogInit:      CURL_VERSION_IPV6
LogInit:      CURL_VERSION_ASYNCHDNS
LogInit:      CURL_VERSION_LARGEFILE
LogInit:      CURL_VERSION_IDN
LogInit:  CurlRequestOptions (configurable via config and command line):
LogInit:  - bVerifyPeer = true  - Libcurl will verify peer certificate
LogInit:  - bUseHttpProxy = false  - Libcurl will NOT use HTTP proxy
LogInit:  - bDontReuseConnections = false  - Libcurl will reuse connections
LogInit:  - MaxHostConnections = 16  - Libcurl will limit the number of connections to a host
LogInit:  - LocalHostAddr = Default
LogInit:  - BufferSize = 65536
LogSteamShared: Display: Loading Steam SDK 1.51
LogSteamShared: Steam SDK Loaded!
LogOnline: OSS: Creating online subsystem instance for: Steam
LogOnline: Verbose: STEAM: Steam: Starting SteamWorks. Client [0] Server [1]
LogSteamShared: Warning: Steam Dedicated Server API failed to initialize.
LogOnline: STEAM: [AppId: 0] Game Server API initialized 0
LogOnline: Warning: STEAM: Failed to initialize Steam, this could be due to a Steam server and client running on the same machine. Try running with -NOSTEAM on the cmdline to disable.
LogOnline: Display: STEAM: OnlineSubsystemSteam::Shutdown()
LogOnline: Warning: STEAM: Steam API failed to initialize!
LogOnline: Display: STEAM: OnlineSubsystemSteam::Shutdown()
LogOnline: OSS: Unable to create OnlineSubsystem module Steam
LogOnline: OSS: Creating online subsystem instance for: NULL
LogOnline: Verbose: OSS: Created thread (ID:26992).
LogInit: WinSock: version 1.1 (2.2), MaxSocks=32767, MaxUdp=65467
LogOnline: OSS: TryLoadSubsystemAndSetDefault: Loaded subsystem for module [NULL]
LogInit: Build: ++UE4+Release-4.27-CL-17155196
LogInit: Engine Version: 4.27.0-17155196+++UE4+Release-4.27
LogInit: Compatible Engine Version: 4.27.0-17155196+++UE4+Release-4.27
LogInit: Net CL: 17155196
LogInit: OS: Windows 10 (Release 2009) (), CPU: Intel(R) Core(TM) i7-1065G7 CPU @ 1.30GHz, GPU: Intel(R) Iris(R) Plus Graphics
LogInit: Compiled (64-bit): Aug 13 2021 06:13:13
LogInit: Compiled with Visual C++: 19.24.28315.00
LogInit: Build Configuration: Development
LogInit: Branch Name: ++UE4+Release-4.27
LogInit: Command Line:  /Game/Maps/Highrise -game -PIEVIACONSOLE -Multiprocess -server -log GameUserSettingsINI=C:/Users/truth/Documents/DECO3500_Project/GamingForThePeople/VWC-Project/Prototype1/Saved/Config/Windows/PIEGameUserSettings0.ini -MultiprocessSaveConfig -forcepassthrough -messaging -SessionName="Play in Standalone Game" -port=17777 -windowed
LogInit: Base Directory: C:/Program Files/Epic Games/UE_4.27/Engine/Binaries/Win64/
LogInit: Allocator: TBB
LogInit: Installed Engine Build: 1
LogDevObjectVersion: Number of dev versions registered: 29
LogDevObjectVersion:   Dev-Blueprints (B0D832E4-1F89-4F0D-ACCF-7EB736FD4AA2): 10
LogDevObjectVersion:   Dev-Build (E1C64328-A22C-4D53-A36C-8E866417BD8C): 0
LogDevObjectVersion:   Dev-Core (375EC13C-06E4-48FB-B500-84F0262A717E): 4
LogDevObjectVersion:   Dev-Editor (E4B068ED-F494-42E9-A231-DA0B2E46BB41): 40
LogDevObjectVersion:   Dev-Framework (CFFC743F-43B0-4480-9391-14DF171D2073): 37
LogDevObjectVersion:   Dev-Mobile (B02B49B5-BB20-44E9-A304-32B752E40360): 3
LogDevObjectVersion:   Dev-Networking (A4E4105C-59A1-49B5-A7C5-40C4547EDFEE): 0
LogDevObjectVersion:   Dev-Online (39C831C9-5AE6-47DC-9A44-9C173E1C8E7C): 0
LogDevObjectVersion:   Dev-Physics (78F01B33-EBEA-4F98-B9B4-84EACCB95AA2): 14
LogDevObjectVersion:   Dev-Platform (6631380F-2D4D-43E0-8009-CF276956A95A): 0
LogDevObjectVersion:   Dev-Rendering (12F88B9F-8875-4AFC-A67C-D90C383ABD29): 45
LogDevObjectVersion:   Dev-Sequencer (7B5AE74C-D270-4C10-A958-57980B212A5A): 13
LogDevObjectVersion:   Dev-VR (D7296918-1DD6-4BDD-9DE2-64A83CC13884): 3
LogDevObjectVersion:   Dev-LoadTimes (C2A15278-BFE7-4AFE-6C17-90FF531DF755): 1
LogDevObjectVersion:   Private-Geometry (6EACA3D4-40EC-4CC1-B786-8BED09428FC5): 3
LogDevObjectVersion:   Dev-AnimPhys (29E575DD-E0A3-4627-9D10-D276232CDCEA): 17
LogDevObjectVersion:   Dev-Anim (AF43A65D-7FD3-4947-9873-3E8ED9C1BB05): 15
LogDevObjectVersion:   Dev-ReflectionCapture (6B266CEC-1EC7-4B8F-A30B-E4D90942FC07): 1
LogDevObjectVersion:   Dev-Automation (0DF73D61-A23F-47EA-B727-89E90C41499A): 1
LogDevObjectVersion:   FortniteMain (601D1886-AC64-4F84-AA16-D3DE0DEAC7D6): 47
LogDevObjectVersion:   FortniteRelease (E7086368-6B23-4C58-8439-1B7016265E91): 1
LogDevObjectVersion:   Dev-Enterprise (9DFFBCD6-494F-0158-E221-12823C92A888): 10
LogDevObjectVersion:   Dev-Niagara (F2AED0AC-9AFE-416F-8664-AA7FFA26D6FC): 1
LogDevObjectVersion:   Dev-Destruction (174F1F0B-B4C6-45A5-B13F-2EE8D0FB917D): 10
LogDevObjectVersion:   Dev-Physics-Ext (35F94A83-E258-406C-A318-09F59610247C): 41
LogDevObjectVersion:   Dev-PhysicsMaterial-Chaos (B68FC16E-8B1B-42E2-B453-215C058844FE): 1
LogDevObjectVersion:   Dev-CineCamera (B2E18506-4273-CFC2-A54E-F4BB758BBA07): 1
LogDevObjectVersion:   Dev-VirtualProduction (64F58936-FD1B-42BA-BA96-7289D5D0FA4E): 1
LogDevObjectVersion:   Dev-MediaFramework (6F0ED827-A609-4895-9C91-998D90180EA4): 2
LogInit: Presizing for max 25165824 objects, including 0 objects not considered by GC, pre-allocating 0 bytes for permanent pool.
LogConfig: Applying CVar settings from Section [/Script/Engine.StreamingSettings] File [C:/Users/truth/Documents/DECO3500_Project/GamingForThePeople/VWC-Project/Prototype1/Saved/Config/Windows/Engine.ini]
LogConfig: Setting CVar [[s.MinBulkDataSizeForAsyncLoading:131072]]
LogConfig: Setting CVar [[s.AsyncLoadingThreadEnabled:1]]
LogConfig: Setting CVar [[s.EventDrivenLoaderEnabled:1]]
LogConfig: Setting CVar [[s.WarnIfTimeLimitExceeded:0]]
LogConfig: Setting CVar [[s.TimeLimitExceededMultiplier:1.5]]
LogConfig: Setting CVar [[s.TimeLimitExceededMinTime:0.005]]
LogConfig: Setting CVar [[s.UseBackgroundLevelStreaming:1]]
LogConfig: Setting CVar [[s.PriorityAsyncLoadingExtraTime:15.0]]
LogConfig: Setting CVar [[s.LevelStreamingActorsUpdateTimeLimit:5.0]]
LogConfig: Setting CVar [[s.PriorityLevelStreamingActorsUpdateExtraTime:5.0]]
LogConfig: Setting CVar [[s.LevelStreamingComponentsRegistrationGranularity:10]]
LogConfig: Setting CVar [[s.UnregisterComponentsTimeLimit:1.0]]
LogConfig: Setting CVar [[s.LevelStreamingComponentsUnregistrationGranularity:5]]
LogConfig: Setting CVar [[s.FlushStreamingOnExit:1]]
LogConfig: Setting CVar [[s.ProcessPrestreamingRequests:1]]
LogInit: Object subsystem initialized
LogConfig: Setting CVar [[con.DebugEarlyDefault:1]]
LogConfig: Setting CVar [[r.setres:1280x720]]
[2021.10.14-01.41.16:158][  0]LogConfig: Setting CVar [[con.DebugEarlyDefault:1]]
[2021.10.14-01.41.16:160][  0]LogConfig: Setting CVar [[r.setres:1280x720]]
[2021.10.14-01.41.16:160][  0]LogConfig: Applying CVar settings from Section [/Script/Engine.RendererSettings] File [C:/Users/truth/Documents/DECO3500_Project/GamingForThePeople/VWC-Project/Prototype1/Saved/Config/Windows/Engine.ini]
[2021.10.14-01.41.16:161][  0]LogConfig: Setting CVar [[r.GPUCrashDebugging:0]]
[2021.10.14-01.41.16:162][  0]LogConfig: Setting CVar [[r.TonemapperFilm:0]]
[2021.10.14-01.41.16:162][  0]LogConfig: Applying CVar settings from Section [/Script/Engine.RendererOverrideSettings] File [C:/Users/truth/Documents/DECO3500_Project/GamingForThePeople/VWC-Project/Prototype1/Saved/Config/Windows/Engine.ini]
[2021.10.14-01.41.16:163][  0]LogConfig: Applying CVar settings from Section [/Script/Engine.StreamingSettings] File [C:/Users/truth/Documents/DECO3500_Project/GamingForThePeople/VWC-Project/Prototype1/Saved/Config/Windows/Engine.ini]
[2021.10.14-01.41.16:164][  0]LogConfig: Setting CVar [[s.MinBulkDataSizeForAsyncLoading:131072]]
[2021.10.14-01.41.16:164][  0]LogConfig: Setting CVar [[s.AsyncLoadingThreadEnabled:1]]
[2021.10.14-01.41.16:165][  0]LogConfig: Setting CVar [[s.EventDrivenLoaderEnabled:1]]
[2021.10.14-01.41.16:166][  0]LogConfig: Setting CVar [[s.WarnIfTimeLimitExceeded:0]]
[2021.10.14-01.41.16:166][  0]LogConfig: Setting CVar [[s.TimeLimitExceededMultiplier:1.5]]
[2021.10.14-01.41.16:167][  0]LogConfig: Setting CVar [[s.TimeLimitExceededMinTime:0.005]]
[2021.10.14-01.41.16:167][  0]LogConfig: Setting CVar [[s.UseBackgroundLevelStreaming:1]]
[2021.10.14-01.41.16:168][  0]LogConfig: Setting CVar [[s.PriorityAsyncLoadingExtraTime:15.0]]
[2021.10.14-01.41.16:169][  0]LogConfig: Setting CVar [[s.LevelStreamingActorsUpdateTimeLimit:5.0]]
[2021.10.14-01.41.16:169][  0]LogConfig: Setting CVar [[s.PriorityLevelStreamingActorsUpdateExtraTime:5.0]]
[2021.10.14-01.41.16:170][  0]LogConfig: Setting CVar [[s.LevelStreamingComponentsRegistrationGranularity:10]]
[2021.10.14-01.41.16:171][  0]LogConfig: Setting CVar [[s.UnregisterComponentsTimeLimit:1.0]]
[2021.10.14-01.41.16:172][  0]LogConfig: Setting CVar [[s.LevelStreamingComponentsUnregistrationGranularity:5]]
[2021.10.14-01.41.16:172][  0]LogConfig: Setting CVar [[s.FlushStreamingOnExit:1]]
[2021.10.14-01.41.16:174][  0]LogConfig: Setting CVar [[s.ProcessPrestreamingRequests:1]]
[2021.10.14-01.41.16:178][  0]LogConfig: Applying CVar settings from Section [/Script/Engine.GarbageCollectionSettings] File [C:/Users/truth/Documents/DECO3500_Project/GamingForThePeople/VWC-Project/Prototype1/Saved/Config/Windows/Engine.ini]
[2021.10.14-01.41.16:179][  0]LogConfig: Setting CVar [[gc.MaxObjectsNotConsideredByGC:50000]]
[2021.10.14-01.41.16:180][  0]LogConfig: Setting CVar [[gc.SizeOfPermanentObjectPool:6900000]]
[2021.10.14-01.41.16:180][  0]LogConfig: Setting CVar [[gc.FlushStreamingOnGC:0]]
[2021.10.14-01.41.16:181][  0]LogConfig: Setting CVar [[gc.NumRetriesBeforeForcingGC:10]]
[2021.10.14-01.41.16:182][  0]LogConfig: Setting CVar [[gc.AllowParallelGC:1]]
[2021.10.14-01.41.16:182][  0]LogConfig: Setting CVar [[gc.TimeBetweenPurgingPendingKillObjects:61.1]]
[2021.10.14-01.41.16:183][  0]LogConfig: Setting CVar [[gc.MaxObjectsInEditor:25165824]]
[2021.10.14-01.41.16:183][  0]LogConfig: Setting CVar [[gc.IncrementalBeginDestroyEnabled:1]]
[2021.10.14-01.41.16:184][  0]LogConfig: Setting CVar [[gc.CreateGCClusters:1]]
[2021.10.14-01.41.16:185][  0]LogConfig: Setting CVar [[gc.MinGCClusterSize:5]]
[2021.10.14-01.41.16:185][  0]LogConfig: Setting CVar [[gc.ActorClusteringEnabled:1]]
[2021.10.14-01.41.16:186][  0]LogConfig: Setting CVar [[gc.BlueprintClusteringEnabled:1]]
[2021.10.14-01.41.16:188][  0]LogConfig: Setting CVar [[gc.UseDisregardForGCOnDedicatedServers:0]]
[2021.10.14-01.41.16:188][  0]LogConfig: Setting CVar [[gc.MultithreadedDestructionEnabled:1]]
[2021.10.14-01.41.16:190][  0]LogConfig: Applying CVar settings from Section [/Script/Engine.NetworkSettings] File [C:/Users/truth/Documents/DECO3500_Project/GamingForThePeople/VWC-Project/Prototype1/Saved/Config/Windows/Engine.ini]
[2021.10.14-01.41.16:193][  0]LogConfig: Applying CVar settings from Section [/Script/UnrealEd.CookerSettings] File [C:/Users/truth/Documents/DECO3500_Project/GamingForThePeople/VWC-Project/Prototype1/Saved/Config/Windows/Engine.ini]
[2021.10.14-01.41.16:194][  0]LogConfig: Applying CVar settings from Section [ViewDistanceQuality@3] File [C:/Users/truth/Documents/DECO3500_Project/GamingForThePeople/VWC-Project/Prototype1/Saved/Config/Windows/Scalability.ini]
[2021.10.14-01.41.16:194][  0]LogConfig: Setting CVar [[r.SkeletalMeshLODBias:0]]
[2021.10.14-01.41.16:195][  0]LogConfig: Setting CVar [[r.ViewDistanceScale:1.0]]
[2021.10.14-01.41.16:196][  0]LogConfig: Applying CVar settings from Section [AntiAliasingQuality@3] File [C:/Users/truth/Documents/DECO3500_Project/GamingForThePeople/VWC-Project/Prototype1/Saved/Config/Windows/Scalability.ini]
[2021.10.14-01.41.16:196][  0]LogConfig: Setting CVar [[r.PostProcessAAQuality:4]]
[2021.10.14-01.41.16:197][  0]LogConfig: Applying CVar settings from Section [ShadowQuality@3] File [C:/Users/truth/Documents/DECO3500_Project/GamingForThePeople/VWC-Project/Prototype1/Saved/Config/Windows/Scalability.ini]
[2021.10.14-01.41.16:197][  0]LogConfig: Setting CVar [[r.LightFunctionQuality:1]]
[2021.10.14-01.41.16:198][  0]LogConfig: Setting CVar [[r.ShadowQuality:5]]
[2021.10.14-01.41.16:199][  0]LogConfig: Setting CVar [[r.Shadow.CSM.MaxCascades:10]]
[2021.10.14-01.41.16:199][  0]LogConfig: Setting CVar [[r.Shadow.MaxResolution:2048]]
[2021.10.14-01.41.16:200][  0]LogConfig: Setting CVar [[r.Shadow.MaxCSMResolution:2048]]
[2021.10.14-01.41.16:200][  0]LogConfig: Setting CVar [[r.Shadow.RadiusThreshold:0.01]]
[2021.10.14-01.41.16:201][  0]LogConfig: Setting CVar [[r.Shadow.DistanceScale:1.0]]
[2021.10.14-01.41.16:202][  0]LogConfig: Setting CVar [[r.Shadow.CSM.TransitionScale:1.0]]
[2021.10.14-01.41.16:202][  0]LogConfig: Setting CVar [[r.Shadow.PreShadowResolutionFactor:1.0]]
[2021.10.14-01.41.16:203][  0]LogConfig: Setting CVar [[r.DistanceFieldShadowing:1]]
[2021.10.14-01.41.16:204][  0]LogConfig: Setting CVar [[r.DistanceFieldAO:1]]
[2021.10.14-01.41.16:205][  0]LogConfig: Setting CVar [[r.AOQuality:2]]
[2021.10.14-01.41.16:209][  0]LogConfig: Setting CVar [[r.VolumetricFog:1]]
[2021.10.14-01.41.16:210][  0]LogConfig: Setting CVar [[r.VolumetricFog.GridPixelSize:8]]
[2021.10.14-01.41.16:210][  0]LogConfig: Setting CVar [[r.VolumetricFog.GridSizeZ:128]]
[2021.10.14-01.41.16:211][  0]LogConfig: Setting CVar [[r.VolumetricFog.HistoryMissSupersampleCount:4]]
[2021.10.14-01.41.16:212][  0]LogConfig: Setting CVar [[r.LightMaxDrawDistanceScale:1]]
[2021.10.14-01.41.16:212][  0]LogConfig: Setting CVar [[r.CapsuleShadows:1]]
[2021.10.14-01.41.16:213][  0]LogConfig: Applying CVar settings from Section [PostProcessQuality@3] File [C:/Users/truth/Documents/DECO3500_Project/GamingForThePeople/VWC-Project/Prototype1/Saved/Config/Windows/Scalability.ini]
[2021.10.14-01.41.16:213][  0]LogConfig: Setting CVar [[r.MotionBlurQuality:4]]
[2021.10.14-01.41.16:214][  0]LogConfig: Setting CVar [[r.AmbientOcclusionMipLevelFactor:0.4]]
[2021.10.14-01.41.16:215][  0]LogConfig: Setting CVar [[r.AmbientOcclusionMaxQuality:100]]
[2021.10.14-01.41.16:215][  0]LogConfig: Setting CVar [[r.AmbientOcclusionLevels:-1]]
[2021.10.14-01.41.16:216][  0]LogConfig: Setting CVar [[r.AmbientOcclusionRadiusScale:1.0]]
[2021.10.14-01.41.16:216][  0]LogConfig: Setting CVar [[r.DepthOfFieldQuality:2]]
[2021.10.14-01.41.16:217][  0]LogConfig: Setting CVar [[r.RenderTargetPoolMin:400]]
[2021.10.14-01.41.16:218][  0]LogConfig: Setting CVar [[r.LensFlareQuality:2]]
[2021.10.14-01.41.16:218][  0]LogConfig: Setting CVar [[r.SceneColorFringeQuality:1]]
[2021.10.14-01.41.16:219][  0]LogConfig: Setting CVar [[r.EyeAdaptationQuality:2]]
[2021.10.14-01.41.16:220][  0]LogConfig: Setting CVar [[r.BloomQuality:5]]
[2021.10.14-01.41.16:221][  0]LogConfig: Setting CVar [[r.FastBlurThreshold:100]]
[2021.10.14-01.41.16:225][  0]LogConfig: Setting CVar [[r.Upscale.Quality:3]]
[2021.10.14-01.41.16:226][  0]LogConfig: Setting CVar [[r.Tonemapper.GrainQuantization:1]]
[2021.10.14-01.41.16:226][  0]LogConfig: Setting CVar [[r.LightShaftQuality:1]]
[2021.10.14-01.41.16:227][  0]LogConfig: Setting CVar [[r.Filter.SizeScale:1]]
[2021.10.14-01.41.16:227][  0]LogConfig: Setting CVar [[r.Tonemapper.Quality:5]]
[2021.10.14-01.41.16:228][  0]LogConfig: Setting CVar [[r.DOF.Gather.AccumulatorQuality:1        ; higher gathering accumulator quality]]
[2021.10.14-01.41.16:228][  0]LogConfig: Setting CVar [[r.DOF.Gather.PostfilterMethod:1          ; Median3x3 postfilering method]]
[2021.10.14-01.41.16:229][  0]LogConfig: Setting CVar [[r.DOF.Gather.EnableBokehSettings:0       ; no bokeh simulation when gathering]]
[2021.10.14-01.41.16:229][  0]LogConfig: Setting CVar [[r.DOF.Gather.RingCount:4                 ; medium number of samples when gathering]]
[2021.10.14-01.41.16:230][  0]LogConfig: Setting CVar [[r.DOF.Scatter.ForegroundCompositing:1    ; additive foreground scattering]]
[2021.10.14-01.41.16:230][  0]LogConfig: Setting CVar [[r.DOF.Scatter.BackgroundCompositing:2    ; additive background scattering]]
[2021.10.14-01.41.16:231][  0]LogConfig: Setting CVar [[r.DOF.Scatter.EnableBokehSettings:1      ; bokeh simulation when scattering]]
[2021.10.14-01.41.16:232][  0]LogConfig: Setting CVar [[r.DOF.Scatter.MaxSpriteRatio:0.1         ; only a maximum of 10% of scattered bokeh]]
[2021.10.14-01.41.16:232][  0]LogConfig: Setting CVar [[r.DOF.Recombine.Quality:1                ; cheap slight out of focus]]
[2021.10.14-01.41.16:233][  0]LogConfig: Setting CVar [[r.DOF.Recombine.EnableBokehSettings:0    ; no bokeh simulation on slight out of focus]]
[2021.10.14-01.41.16:233][  0]LogConfig: Setting CVar [[r.DOF.TemporalAAQuality:1                ; more stable temporal accumulation]]
[2021.10.14-01.41.16:234][  0]LogConfig: Setting CVar [[r.DOF.Kernel.MaxForegroundRadius:0.025]]
[2021.10.14-01.41.16:235][  0]LogConfig: Setting CVar [[r.DOF.Kernel.MaxBackgroundRadius:0.025]]
[2021.10.14-01.41.16:236][  0]LogConfig: Applying CVar settings from Section [TextureQuality@3] File [C:/Users/truth/Documents/DECO3500_Project/GamingForThePeople/VWC-Project/Prototype1/Saved/Config/Windows/Scalability.ini]
[2021.10.14-01.41.16:237][  0]LogConfig: Setting CVar [[r.Streaming.MipBias:0]]
[2021.10.14-01.41.16:241][  0]LogConfig: Setting CVar [[r.Streaming.AmortizeCPUToGPUCopy:0]]
[2021.10.14-01.41.16:241][  0]LogConfig: Setting CVar [[r.Streaming.MaxNumTexturesToStreamPerFrame:0]]
[2021.10.14-01.41.16:242][  0]LogConfig: Setting CVar [[r.Streaming.Boost:1]]
[2021.10.14-01.41.16:243][  0]LogConfig: Setting CVar [[r.MaxAnisotropy:8]]
[2021.10.14-01.41.16:243][  0]LogConfig: Setting CVar [[r.VT.MaxAnisotropy:8]]
[2021.10.14-01.41.16:244][  0]LogConfig: Setting CVar [[r.Streaming.LimitPoolSizeToVRAM:0]]
[2021.10.14-01.41.16:244][  0]LogConfig: Setting CVar [[r.Streaming.PoolSize:1000]]
[2021.10.14-01.41.16:245][  0]LogConfig: Setting CVar [[r.Streaming.MaxEffectiveScreenSize:0]]
[2021.10.14-01.41.16:245][  0]LogConfig: Applying CVar settings from Section [EffectsQuality@3] File [C:/Users/truth/Documents/DECO3500_Project/GamingForThePeople/VWC-Project/Prototype1/Saved/Config/Windows/Scalability.ini]
[2021.10.14-01.41.16:246][  0]LogConfig: Setting CVar [[r.TranslucencyLightingVolumeDim:64]]
[2021.10.14-01.41.16:246][  0]LogConfig: Setting CVar [[r.RefractionQuality:2]]
[2021.10.14-01.41.16:247][  0]LogConfig: Setting CVar [[r.SSR.Quality:3]]
[2021.10.14-01.41.16:247][  0]LogConfig: Setting CVar [[r.SSR.HalfResSceneColor:0]]
[2021.10.14-01.41.16:248][  0]LogConfig: Setting CVar [[r.SceneColorFormat:4]]
[2021.10.14-01.41.16:248][  0]LogConfig: Setting CVar [[r.DetailMode:2]]
[2021.10.14-01.41.16:249][  0]LogConfig: Setting CVar [[r.TranslucencyVolumeBlur:1]]
[2021.10.14-01.41.16:250][  0]LogConfig: Setting CVar [[r.MaterialQualityLevel:1 ; High quality]]
[2021.10.14-01.41.16:250][  0]LogConfig: Setting CVar [[r.AnisotropicMaterials:1]]
[2021.10.14-01.41.16:251][  0]LogConfig: Setting CVar [[r.SSS.Scale:1]]
[2021.10.14-01.41.16:252][  0]LogConfig: Setting CVar [[r.SSS.SampleSet:2]]
[2021.10.14-01.41.16:252][  0]LogConfig: Setting CVar [[r.SSS.Quality:1]]
[2021.10.14-01.41.16:254][  0]LogConfig: Setting CVar [[r.SSS.HalfRes:0]]
[2021.10.14-01.41.16:258][  0]LogConfig: Setting CVar [[r.SSGI.Quality:3]]
[2021.10.14-01.41.16:259][  0]LogConfig: Setting CVar [[r.EmitterSpawnRateScale:1.0]]
[2021.10.14-01.41.16:260][  0]LogConfig: Setting CVar [[r.ParticleLightQuality:2]]
[2021.10.14-01.41.16:260][  0]LogConfig: Setting CVar [[r.SkyAtmosphere.AerialPerspectiveLUT.FastApplyOnOpaque:1 ; Always have FastSkyLUT 1 in this case to avoid wrong sky]]
[2021.10.14-01.41.16:261][  0]LogConfig: Setting CVar [[r.SkyAtmosphere.AerialPerspectiveLUT.SampleCountMaxPerSlice:4]]
[2021.10.14-01.41.16:261][  0]LogConfig: Setting CVar [[r.SkyAtmosphere.AerialPerspectiveLUT.DepthResolution:16.0]]
[2021.10.14-01.41.16:262][  0]LogConfig: Setting CVar [[r.SkyAtmosphere.FastSkyLUT:1]]
[2021.10.14-01.41.16:262][  0]LogConfig: Setting CVar [[r.SkyAtmosphere.FastSkyLUT.SampleCountMin:4.0]]
[2021.10.14-01.41.16:263][  0]LogConfig: Setting CVar [[r.SkyAtmosphere.FastSkyLUT.SampleCountMax:128.0]]
[2021.10.14-01.41.16:263][  0]LogConfig: Setting CVar [[r.SkyAtmosphere.SampleCountMin:4.0]]
[2021.10.14-01.41.16:264][  0]LogConfig: Setting CVar [[r.SkyAtmosphere.SampleCountMax:128.0]]
[2021.10.14-01.41.16:264][  0]LogConfig: Setting CVar [[r.SkyAtmosphere.TransmittanceLUT.UseSmallFormat:0]]
[2021.10.14-01.41.16:265][  0]LogConfig: Setting CVar [[r.SkyAtmosphere.TransmittanceLUT.SampleCount:10.0]]
[2021.10.14-01.41.16:265][  0]LogConfig: Setting CVar [[r.SkyAtmosphere.MultiScatteringLUT.SampleCount:15.0]]
[2021.10.14-01.41.16:266][  0]LogConfig: Setting CVar [[r.SkyLight.RealTimeReflectionCapture:1]]
[2021.10.14-01.41.16:266][  0]LogConfig: Applying CVar settings from Section [FoliageQuality@3] File [C:/Users/truth/Documents/DECO3500_Project/GamingForThePeople/VWC-Project/Prototype1/Saved/Config/Windows/Scalability.ini]
[2021.10.14-01.41.16:267][  0]LogConfig: Setting CVar [[foliage.DensityScale:1.0]]
[2021.10.14-01.41.16:267][  0]LogConfig: Setting CVar [[grass.DensityScale:1.0]]
[2021.10.14-01.41.16:268][  0]LogConfig: Applying CVar settings from Section [ShadingQuality@3] File [C:/Users/truth/Documents/DECO3500_Project/GamingForThePeople/VWC-Project/Prototype1/Saved/Config/Windows/Scalability.ini]
[2021.10.14-01.41.16:273][  0]LogConfig: Setting CVar [[r.HairStrands.SkyLighting.IntegrationType:2]]
[2021.10.14-01.41.16:274][  0]LogConfig: Setting CVar [[r.HairStrands.SkyAO.SampleCount:4]]
[2021.10.14-01.41.16:275][  0]LogConfig: Setting CVar [[r.HairStrands.Visibility.MSAA.SamplePerPixel:4]]
[2021.10.14-01.41.16:276][  0]LogInit: Selected Device Profile: [Windows]
[2021.10.14-01.41.16:276][  0]LogInit: Applying CVar settings loaded from the selected device profile: [Windows]
[2021.10.14-01.41.16:277][  0]LogHAL: Display: Platform has ~ 16 GB [16910639104 / 17179869184 / 16], which maps to Larger [LargestMinGB=32, LargerMinGB=12, DefaultMinGB=8, SmallerMinGB=6, SmallestMinGB=0)
[2021.10.14-01.41.16:277][  0]LogInit: Going up to parent DeviceProfile []
[2021.10.14-01.41.16:278][  0]LogConfig: Applying CVar settings from Section [ViewDistanceQuality@3] File [C:/Users/truth/Documents/DECO3500_Project/GamingForThePeople/VWC-Project/Prototype1/Saved/Config/Windows/Scalability.ini]
[2021.10.14-01.41.16:279][  0]LogConfig: Setting CVar [[r.SkeletalMeshLODBias:0]]
[2021.10.14-01.41.16:279][  0]LogConfig: Setting CVar [[r.ViewDistanceScale:1.0]]
[2021.10.14-01.41.16:280][  0]LogConfig: Applying CVar settings from Section [AntiAliasingQuality@3] File [C:/Users/truth/Documents/DECO3500_Project/GamingForThePeople/VWC-Project/Prototype1/Saved/Config/Windows/Scalability.ini]
[2021.10.14-01.41.16:281][  0]LogConfig: Setting CVar [[r.PostProcessAAQuality:4]]
[2021.10.14-01.41.16:281][  0]LogConfig: Applying CVar settings from Section [ShadowQuality@3] File [C:/Users/truth/Documents/DECO3500_Project/GamingForThePeople/VWC-Project/Prototype1/Saved/Config/Windows/Scalability.ini]
[2021.10.14-01.41.16:282][  0]LogConfig: Setting CVar [[r.LightFunctionQuality:1]]
[2021.10.14-01.41.16:283][  0]LogConfig: Setting CVar [[r.ShadowQuality:5]]
[2021.10.14-01.41.16:288][  0]LogConfig: Setting CVar [[r.Shadow.CSM.MaxCascades:10]]
[2021.10.14-01.41.16:289][  0]LogConfig: Setting CVar [[r.Shadow.MaxResolution:2048]]
[2021.10.14-01.41.16:290][  0]LogConfig: Setting CVar [[r.Shadow.MaxCSMResolution:2048]]
[2021.10.14-01.41.16:290][  0]LogConfig: Setting CVar [[r.Shadow.RadiusThreshold:0.01]]
[2021.10.14-01.41.16:291][  0]LogConfig: Setting CVar [[r.Shadow.DistanceScale:1.0]]
[2021.10.14-01.41.16:291][  0]LogConfig: Setting CVar [[r.Shadow.CSM.TransitionScale:1.0]]
[2021.10.14-01.41.16:292][  0]LogConfig: Setting CVar [[r.Shadow.PreShadowResolutionFactor:1.0]]
[2021.10.14-01.41.16:293][  0]LogConfig: Setting CVar [[r.DistanceFieldShadowing:1]]
[2021.10.14-01.41.16:293][  0]LogConfig: Setting CVar [[r.DistanceFieldAO:1]]
[2021.10.14-01.41.16:294][  0]LogConfig: Setting CVar [[r.AOQuality:2]]
[2021.10.14-01.41.16:295][  0]LogConfig: Setting CVar [[r.VolumetricFog:1]]
[2021.10.14-01.41.16:295][  0]LogConfig: Setting CVar [[r.VolumetricFog.GridPixelSize:8]]
[2021.10.14-01.41.16:296][  0]LogConfig: Setting CVar [[r.VolumetricFog.GridSizeZ:128]]
[2021.10.14-01.41.16:296][  0]LogConfig: Setting CVar [[r.VolumetricFog.HistoryMissSupersampleCount:4]]
[2021.10.14-01.41.16:297][  0]LogConfig: Setting CVar [[r.LightMaxDrawDistanceScale:1]]
[2021.10.14-01.41.16:297][  0]LogConfig: Setting CVar [[r.CapsuleShadows:1]]
[2021.10.14-01.41.16:298][  0]LogConfig: Applying CVar settings from Section [PostProcessQuality@3] File [C:/Users/truth/Documents/DECO3500_Project/GamingForThePeople/VWC-Project/Prototype1/Saved/Config/Windows/Scalability.ini]
[2021.10.14-01.41.16:299][  0]LogConfig: Setting CVar [[r.MotionBlurQuality:4]]
[2021.10.14-01.41.16:303][  0]LogConfig: Setting CVar [[r.AmbientOcclusionMipLevelFactor:0.4]]
[2021.10.14-01.41.16:304][  0]LogConfig: Setting CVar [[r.AmbientOcclusionMaxQuality:100]]
[2021.10.14-01.41.16:305][  0]LogConfig: Setting CVar [[r.AmbientOcclusionLevels:-1]]
[2021.10.14-01.41.16:306][  0]LogConfig: Setting CVar [[r.AmbientOcclusionRadiusScale:1.0]]
[2021.10.14-01.41.16:306][  0]LogConfig: Setting CVar [[r.DepthOfFieldQuality:2]]
[2021.10.14-01.41.16:307][  0]LogConfig: Setting CVar [[r.RenderTargetPoolMin:400]]
[2021.10.14-01.41.16:307][  0]LogConfig: Setting CVar [[r.LensFlareQuality:2]]
[2021.10.14-01.41.16:308][  0]LogConfig: Setting CVar [[r.SceneColorFringeQuality:1]]
[2021.10.14-01.41.16:309][  0]LogConfig: Setting CVar [[r.EyeAdaptationQuality:2]]
[2021.10.14-01.41.16:309][  0]LogConfig: Setting CVar [[r.BloomQuality:5]]
[2021.10.14-01.41.16:310][  0]LogConfig: Setting CVar [[r.FastBlurThreshold:100]]
[2021.10.14-01.41.16:310][  0]LogConfig: Setting CVar [[r.Upscale.Quality:3]]
[2021.10.14-01.41.16:311][  0]LogConfig: Setting CVar [[r.Tonemapper.GrainQuantization:1]]
[2021.10.14-01.41.16:312][  0]LogConfig: Setting CVar [[r.LightShaftQuality:1]]
[2021.10.14-01.41.16:312][  0]LogConfig: Setting CVar [[r.Filter.SizeScale:1]]
[2021.10.14-01.41.16:313][  0]LogConfig: Setting CVar [[r.Tonemapper.Quality:5]]
[2021.10.14-01.41.16:313][  0]LogConfig: Setting CVar [[r.DOF.Gather.AccumulatorQuality:1        ; higher gathering accumulator quality]]
[2021.10.14-01.41.16:314][  0]LogConfig: Setting CVar [[r.DOF.Gather.PostfilterMethod:1          ; Median3x3 postfilering method]]
[2021.10.14-01.41.16:317][  0]LogConfig: Setting CVar [[r.DOF.Gather.EnableBokehSettings:0       ; no bokeh simulation when gathering]]
[2021.10.14-01.41.16:322][  0]LogConfig: Setting CVar [[r.DOF.Gather.RingCount:4                 ; medium number of samples when gathering]]
[2021.10.14-01.41.16:323][  0]LogConfig: Setting CVar [[r.DOF.Scatter.ForegroundCompositing:1    ; additive foreground scattering]]
[2021.10.14-01.41.16:324][  0]LogConfig: Setting CVar [[r.DOF.Scatter.BackgroundCompositing:2    ; additive background scattering]]
[2021.10.14-01.41.16:324][  0]LogConfig: Setting CVar [[r.DOF.Scatter.EnableBokehSettings:1      ; bokeh simulation when scattering]]
[2021.10.14-01.41.16:325][  0]LogConfig: Setting CVar [[r.DOF.Scatter.MaxSpriteRatio:0.1         ; only a maximum of 10% of scattered bokeh]]
[2021.10.14-01.41.16:326][  0]LogConfig: Setting CVar [[r.DOF.Recombine.Quality:1                ; cheap slight out of focus]]
[2021.10.14-01.41.16:326][  0]LogConfig: Setting CVar [[r.DOF.Recombine.EnableBokehSettings:0    ; no bokeh simulation on slight out of focus]]
[2021.10.14-01.41.16:327][  0]LogConfig: Setting CVar [[r.DOF.TemporalAAQuality:1                ; more stable temporal accumulation]]
[2021.10.14-01.41.16:327][  0]LogConfig: Setting CVar [[r.DOF.Kernel.MaxForegroundRadius:0.025]]
[2021.10.14-01.41.16:328][  0]LogConfig: Setting CVar [[r.DOF.Kernel.MaxBackgroundRadius:0.025]]
[2021.10.14-01.41.16:329][  0]LogConfig: Applying CVar settings from Section [TextureQuality@3] File [C:/Users/truth/Documents/DECO3500_Project/GamingForThePeople/VWC-Project/Prototype1/Saved/Config/Windows/Scalability.ini]
[2021.10.14-01.41.16:330][  0]LogConfig: Setting CVar [[r.Streaming.MipBias:0]]
[2021.10.14-01.41.16:332][  0]LogConfig: Setting CVar [[r.Streaming.AmortizeCPUToGPUCopy:0]]
[2021.10.14-01.41.16:336][  0]LogConfig: Setting CVar [[r.Streaming.MaxNumTexturesToStreamPerFrame:0]]
[2021.10.14-01.41.16:337][  0]LogConfig: Setting CVar [[r.Streaming.Boost:1]]
[2021.10.14-01.41.16:338][  0]LogConfig: Setting CVar [[r.MaxAnisotropy:8]]
[2021.10.14-01.41.16:338][  0]LogConfig: Setting CVar [[r.VT.MaxAnisotropy:8]]
[2021.10.14-01.41.16:339][  0]LogConfig: Setting CVar [[r.Streaming.LimitPoolSizeToVRAM:0]]
[2021.10.14-01.41.16:340][  0]LogConfig: Setting CVar [[r.Streaming.PoolSize:1000]]
[2021.10.14-01.41.16:340][  0]LogConfig: Setting CVar [[r.Streaming.MaxEffectiveScreenSize:0]]
[2021.10.14-01.41.16:341][  0]LogConfig: Applying CVar settings from Section [EffectsQuality@3] File [C:/Users/truth/Documents/DECO3500_Project/GamingForThePeople/VWC-Project/Prototype1/Saved/Config/Windows/Scalability.ini]
[2021.10.14-01.41.16:341][  0]LogConfig: Setting CVar [[r.TranslucencyLightingVolumeDim:64]]
[2021.10.14-01.41.16:342][  0]LogConfig: Setting CVar [[r.RefractionQuality:2]]
[2021.10.14-01.41.16:342][  0]LogConfig: Setting CVar [[r.SSR.Quality:3]]
[2021.10.14-01.41.16:343][  0]LogConfig: Setting CVar [[r.SSR.HalfResSceneColor:0]]
[2021.10.14-01.41.16:344][  0]LogConfig: Setting CVar [[r.SceneColorFormat:4]]
[2021.10.14-01.41.16:345][  0]LogConfig: Setting CVar [[r.DetailMode:2]]
[2021.10.14-01.41.16:345][  0]LogConfig: Setting CVar [[r.TranslucencyVolumeBlur:1]]
[2021.10.14-01.41.16:348][  0]LogConfig: Setting CVar [[r.MaterialQualityLevel:1 ; High quality]]
[2021.10.14-01.41.16:352][  0]LogConfig: Setting CVar [[r.AnisotropicMaterials:1]]
[2021.10.14-01.41.16:352][  0]LogConfig: Setting CVar [[r.SSS.Scale:1]]
[2021.10.14-01.41.16:354][  0]LogConfig: Setting CVar [[r.SSS.SampleSet:2]]
[2021.10.14-01.41.16:354][  0]LogConfig: Setting CVar [[r.SSS.Quality:1]]
[2021.10.14-01.41.16:355][  0]LogConfig: Setting CVar [[r.SSS.HalfRes:0]]
[2021.10.14-01.41.16:356][  0]LogConfig: Setting CVar [[r.SSGI.Quality:3]]
[2021.10.14-01.41.16:357][  0]LogConfig: Setting CVar [[r.EmitterSpawnRateScale:1.0]]
[2021.10.14-01.41.16:357][  0]LogConfig: Setting CVar [[r.ParticleLightQuality:2]]
[2021.10.14-01.41.16:358][  0]LogConfig: Setting CVar [[r.SkyAtmosphere.AerialPerspectiveLUT.FastApplyOnOpaque:1 ; Always have FastSkyLUT 1 in this case to avoid wrong sky]]
[2021.10.14-01.41.16:359][  0]LogConfig: Setting CVar [[r.SkyAtmosphere.AerialPerspectiveLUT.SampleCountMaxPerSlice:4]]
[2021.10.14-01.41.16:360][  0]LogConfig: Setting CVar [[r.SkyAtmosphere.AerialPerspectiveLUT.DepthResolution:16.0]]
[2021.10.14-01.41.16:360][  0]LogConfig: Setting CVar [[r.SkyAtmosphere.FastSkyLUT:1]]
[2021.10.14-01.41.16:362][  0]LogConfig: Setting CVar [[r.SkyAtmosphere.FastSkyLUT.SampleCountMin:4.0]]
[2021.10.14-01.41.16:365][  0]LogConfig: Setting CVar [[r.SkyAtmosphere.FastSkyLUT.SampleCountMax:128.0]]
[2021.10.14-01.41.16:366][  0]LogConfig: Setting CVar [[r.SkyAtmosphere.SampleCountMin:4.0]]
[2021.10.14-01.41.16:367][  0]LogConfig: Setting CVar [[r.SkyAtmosphere.SampleCountMax:128.0]]
[2021.10.14-01.41.16:367][  0]LogConfig: Setting CVar [[r.SkyAtmosphere.TransmittanceLUT.UseSmallFormat:0]]
[2021.10.14-01.41.16:368][  0]LogConfig: Setting CVar [[r.SkyAtmosphere.TransmittanceLUT.SampleCount:10.0]]
[2021.10.14-01.41.16:369][  0]LogConfig: Setting CVar [[r.SkyAtmosphere.MultiScatteringLUT.SampleCount:15.0]]
[2021.10.14-01.41.16:370][  0]LogConfig: Setting CVar [[r.SkyLight.RealTimeReflectionCapture:1]]
[2021.10.14-01.41.16:371][  0]LogConfig: Applying CVar settings from Section [FoliageQuality@3] File [C:/Users/truth/Documents/DECO3500_Project/GamingForThePeople/VWC-Project/Prototype1/Saved/Config/Windows/Scalability.ini]
[2021.10.14-01.41.16:371][  0]LogConfig: Setting CVar [[foliage.DensityScale:1.0]]
[2021.10.14-01.41.16:372][  0]LogConfig: Setting CVar [[grass.DensityScale:1.0]]
[2021.10.14-01.41.16:372][  0]LogConfig: Applying CVar settings from Section [ShadingQuality@3] File [C:/Users/truth/Documents/DECO3500_Project/GamingForThePeople/VWC-Project/Prototype1/Saved/Config/Windows/Scalability.ini]
[2021.10.14-01.41.16:373][  0]LogConfig: Setting CVar [[r.HairStrands.SkyLighting.IntegrationType:2]]
[2021.10.14-01.41.16:374][  0]LogConfig: Setting CVar [[r.HairStrands.SkyAO.SampleCount:4]]
[2021.10.14-01.41.16:374][  0]LogConfig: Setting CVar [[r.HairStrands.Visibility.MSAA.SamplePerPixel:4]]
[2021.10.14-01.41.16:375][  0]LogConfig: Applying CVar settings from Section [Startup] File [../../../Engine/Config/ConsoleVariables.ini]
[2021.10.14-01.41.16:376][  0]LogConfig: Setting CVar [[net.UseAdaptiveNetUpdateFrequency:0]]
[2021.10.14-01.41.16:376][  0]LogConfig: Setting CVar [[p.chaos.AllowCreatePhysxBodies:1]]
[2021.10.14-01.41.16:378][  0]LogConfig: Setting CVar [[fx.SkipVectorVMBackendOptimizations:1]]
[2021.10.14-01.41.16:380][  0]LogConfig: Applying CVar settings from Section [ConsoleVariables] File [C:/Users/truth/Documents/DECO3500_Project/GamingForThePeople/VWC-Project/Prototype1/Saved/Config/Windows/Engine.ini]
[2021.10.14-01.41.16:381][  0]LogConfig: Applying CVar settings from Section [ConsoleVariables] File [C:/Users/truth/Documents/DECO3500_Project/GamingForThePeople/VWC-Project/Prototype1/Saved/Config/Windows/Editor.ini]
[2021.10.14-01.41.16:382][  0]LogInit: Computer: DESKTOP-TPE999T
[2021.10.14-01.41.16:382][  0]LogInit: User: truth
[2021.10.14-01.41.16:383][  0]LogInit: CPU Page size=4096, Cores=4
[2021.10.14-01.41.16:383][  0]LogInit: High frequency timer resolution =10.000000 MHz
[2021.10.14-01.41.16:384][  0]LogMemory: Memory total: Physical=15.7GB (16GB approx)
[2021.10.14-01.41.16:384][  0]LogMemory: Platform Memory Stats for Windows
[2021.10.14-01.41.16:385][  0]LogMemory: Process Physical Memory: 137.51 MB used, 137.51 MB peak
[2021.10.14-01.41.16:386][  0]LogMemory: Process Virtual Memory: 116.54 MB used, 116.54 MB peak
[2021.10.14-01.41.16:386][  0]LogMemory: Physical Memory: 10370.87 MB used,  5756.37 MB free, 16127.24 MB total
[2021.10.14-01.41.16:387][  0]LogMemory: Virtual Memory: 134209048.00 MB used,  8679.96 MB free, 134217728.00 MB total
[2021.10.14-01.41.16:393][  0]LogWindows: WindowsPlatformFeatures disabled or dedicated server build
[2021.10.14-01.41.16:420][  0]LogInit: Physics initialised using underlying interface: PhysX
[2021.10.14-01.41.16:421][  0]LogInit: Using OS detected language (en-GB).
[2021.10.14-01.41.16:421][  0]LogInit: Using OS detected locale (en-AU).
[2021.10.14-01.41.16:441][  0]LogTextLocalizationManager: No specific localization for 'en-GB' exists, so the 'en' localization will be used.
[2021.10.14-01.41.17:627][  0]LogTargetPlatformManager: Display: Loaded TargetPlatform 'WindowsNoEditor'
[2021.10.14-01.41.17:633][  0]LogTargetPlatformManager: Display: Loaded TargetPlatform 'Windows'
[2021.10.14-01.41.17:639][  0]LogTargetPlatformManager: Display: Loaded TargetPlatform 'WindowsClient'
[2021.10.14-01.41.17:644][  0]LogTargetPlatformManager: Display: Loaded TargetPlatform 'WindowsServer'
[2021.10.14-01.41.17:645][  0]LogTargetPlatformManager: Display: Building Assets For Windows
[2021.10.14-01.41.17:654][  0]LogAudioDebug: Display: Lib vorbis DLL was dynamically loaded.
[2021.10.14-01.41.17:692][  0]LogTextureFormatOodle: Display: Oodle Texture 2.9.0 init RDO Off
[2021.10.14-01.41.17:722][  0]LogRendererCore: Ray tracing is disabled. Reason: r.RayTracing=0.
[2021.10.14-01.41.17:722][  0]LogShaderCompilers: Guid format shader working directory is -53 characters bigger than the processId version (../../../../../../Users/truth/Documents/DECO3500_Project/GamingForThePeople/VWC-Project/Prototype1/Intermediate/Shaders/WorkingDirectory/26360/).
[2021.10.14-01.41.17:724][  0]LogShaderCompilers: Cleaned the shader compiler working directory 'C:/Users/truth/AppData/Local/Temp/UnrealShaderWorkingDir/2A954AC340C5E2F7C78232B966509828/'.
[2021.10.14-01.41.17:724][  0]LogXGEController: Cannot use XGE Controller as Incredibuild is not installed on this machine.
[2021.10.14-01.41.17:725][  0]LogShaderCompilers: Cannot use XGE Shader Compiler as Incredibuild is not installed on this machine.
[2021.10.14-01.41.17:725][  0]LogShaderCompilers: Display: Using Local Shader Compiler.
[2021.10.14-01.41.18:789][  0]LogDerivedDataCache: Display: Max Cache Size: 512 MB
[2021.10.14-01.41.18:937][  0]LogDerivedDataCache: Loaded boot cache 0.15s 118MB C:/Users/truth/AppData/Local/UnrealEngine/4.27/DerivedDataCache/Boot.ddc.
[2021.10.14-01.41.18:937][  0]LogDerivedDataCache: Display: Loaded Boot cache: C:/Users/truth/AppData/Local/UnrealEngine/4.27/DerivedDataCache/Boot.ddc
[2021.10.14-01.41.18:939][  0]LogDerivedDataCache: FDerivedDataBackendGraph:  Pak pak cache file ../../../../../../Users/truth/Documents/DECO3500_Project/GamingForThePeople/VWC-Project/Prototype1/DerivedDataCache/DDC.ddp not found, will not use a pak cache.
[2021.10.14-01.41.18:940][  0]LogDerivedDataCache: Unable to find inner node Pak for hierarchical cache Hierarchy.
[2021.10.14-01.41.18:958][  0]LogDerivedDataCache: Display: Pak cache opened for reading ../../../../../../Users/truth/Documents/DECO3500_Project/GamingForThePeople/VWC-Project/Prototype1/DerivedDataCache/Compressed.ddp.
[2021.10.14-01.41.18:989][  0]LogDerivedDataCache: Display: Pak cache opened for reading ../../../Engine/DerivedDataCache/Compressed.ddp.
[2021.10.14-01.41.18:990][  0]LogDerivedDataCache: FDerivedDataBackendGraph:  EnterprisePak pak cache file ../../../Enterprise/DerivedDataCache/Compressed.ddp not found, will not use a pak cache.
[2021.10.14-01.41.18:991][  0]LogDerivedDataCache: Unable to find inner node EnterprisePak for hierarchical cache Hierarchy.
[2021.10.14-01.41.19:017][  0]LogDerivedDataCache: Speed tests for C:/Users/truth/AppData/Local/UnrealEngine/Common/DerivedDataCache took 0.03 seconds
[2021.10.14-01.41.19:017][  0]LogDerivedDataCache: Display: Performance to C:/Users/truth/AppData/Local/UnrealEngine/Common/DerivedDataCache: Latency=0.32ms. RandomReadSpeed=127.87MBs, RandomWriteSpeed=66.71MBs. Assigned SpeedClass 'Local'
[2021.10.14-01.41.19:021][  0]LogDerivedDataCache: Using Local data cache path C:/Users/truth/AppData/Local/UnrealEngine/Common/DerivedDataCache: Writable
[2021.10.14-01.41.19:022][  0]LogDerivedDataCache: Shared data cache path not found in *engine.ini, will not use an Shared cache.
[2021.10.14-01.41.19:022][  0]LogDerivedDataCache: Unable to find inner node Shared for hierarchical cache Hierarchy.
[2021.10.14-01.41.19:033][  0]LogInit: Using OS detected language (en-GB).
[2021.10.14-01.41.19:033][  0]LogInit: Using OS detected locale (en-AU).
[2021.10.14-01.41.19:035][  0]LogTextLocalizationManager: No localization for 'en-GB' exists, so 'en' will be used for the language.
[2021.10.14-01.41.19:037][  0]LogTextLocalizationManager: No localization for 'en-AU' exists, so 'en' will be used for the locale.
[2021.10.14-01.41.19:045][  0]LogTextLocalizationManager: Compacting localization data took   0.00ms
[2021.10.14-01.41.19:045][  0]LogAssetRegistry: FAssetRegistry took 0.0036 seconds to start up
[2021.10.14-01.41.19:535][  0]LogPackageLocalizationCache: Processed 27 localized package path(s) for 1 prioritized culture(s) in 0.003818 seconds
[2021.10.14-01.41.19:758][  0]LogInit: Selected Device Profile: [Windows]
[2021.10.14-01.41.19:758][  0]LogInit: Active device profile: [000001503C96AC00][000001503DA56380 49] Windows
[2021.10.14-01.41.19:759][  0]LogInit: Profiles: [000001503C96AC00][000001503DA56380 49] Windows, [000001503D8F5700][000001503DA5A600 49] WindowsNoEditor, [000001503C96A200][000001503DA688C0 49] WindowsServer, [000001503D8F6000][000001503DA6CB80 49] WindowsClient, [000001503C96B600][000001503DA70E40 49] IOS, [000001503D8F6600][000001503DA75100 49] iPadAir, [000001503C968300][000001503DA793C0 49] iPadAir2, [000001503D8A9300][000001503DA93900 49] IPadPro, [000001503D8A9400][000001503DA7D940 49] iPadAir3, [000001503C968400][000001503DA8BC00 49] iPadAir4, [000001503D8AB000][000001503DA86340 49] iPadMini2, [000001503D8A8B00][000001503DA645C0 49] iPadMini3, [000001503D8F5A00][000001503DA8E840 49] iPadMini4, [000001503D8ABE00][0000015032A6CB00 49] iPadMini5, [000001503D8E8C00][0000015032A81040 49] iPhone6, [000001503D8E8D00][0000015032A71080 49] iPodTouch6, [000001503C969E00][0000015032A895C0 49] iPhone7, [000001503C96A600][0000015032A79600 49] iPodTouch7, [000001503D8E8300][0000015032A7D8C0 49] iPhone5S, [000001503D8F5D00][0000015032A75B80 49] iPhone6Plus, [000001503D8EBD00][0000015032A842C0 49] iPhone6S, [000001503D8F5300][0000015039110580 49] iPhone6SPlus, [000001503D8EB600][0000015032A68800 49] iPhone7Plus, [000001503D8F6500][0000015039114A80 49] iPhoneSE, [000001503D8E8500][000001503911CD40 49] iPhone8, [000001503D8F6F00][0000015039121000 49] iPhone8Plus, [000001503D8E9100][00000150391252C0 49] iPhoneX, [000001503D8F7400][0000015039129580 49] iPhoneXS, [000001503D8E9200][000001503912D840 49] iPhoneXSMax, [000001503D8F5E00][0000015039131B00 49] iPhoneXR, [000001503D8EA200][0000015039134240 49] iPhone11, [000001503C968900][0000015039138500 49] iPhone11Pro, [000001503D8EA900][000001503913C7C0 49] iPhone11ProMax, [000001503C96A400][0000015039118A40 49] iPhoneSE2, [000001503D8E9F00][0000015039140CC0 49] iPhone12Mini, [000001503C968200][0000015032ADEF80 49] iPhone12, [000001503D8E8800][0000015032AE3240 49] iPhone12Pro, [000001503C969600][0000015032AE7500 49] iPhone12ProMax, [000001503D8EBC00][0000015032AEB7C0 49] iPadPro105, [000001503C969200][0000015032AEFA80 49] iPadPro129, [000001503D8E9500][0000015032AF21C0 49] iPadPro97, [000001503C96AA00][0000015032AF6480 49] iPadPro2_129, [000001503D8EBF00][0000015032AFA740 49] iPad5, [000001503C96B000][0000015032AFEA00 49] iPad6, [000001503D8E8100][0000015039144C80 49] iPad7, [000001503C96B800][0000015032B02F00 49] iPad8, [000001503D8EAE00][0000015032B0B1C0 49] iPadPro11, [000001503C96B700][0000015032B0F480 49] iPadPro2_11, [000001503D8EA100][0000015032B13740 49] iPadPro3_129, [000001503C96AF00][0000015032B17A00 49] iPadPro4_129, [000001503D8EB700][0000015032B1A140 49] AppleTV, [000001503C96B100][00000150391F8400 49] AppleTV4K, [000001503D8EB000][00000150391FC6C0 49] TVOS, [000001503C969700][0000015039200980 49] Mac, [000001503D8EBB00][0000015039204C40 49] MacClient, [000001503C96B200][0000015032B06EC0 49] MacNoEditor, [000001503D8EA600][0000015039209140 49] MacServer, [000001503C969B00][0000015039211400 49] Linux, [000001503D8EBE00][00000150392156C0 49] LinuxAArch64, [000001503C969F00][0000015039219980 49] LinuxNoEditor, [000001503D8EB900][000001503921C0C0 49] LinuxAArch64NoEditor, [000001503C968600][0000015039220380 49] LinuxClient, [000001503D8E9600][0000015039224640 49] LinuxAArch64Client, [000001503C96A500][0000015039228900 49] LinuxServer, [000001503D8E8F00][000001503922CBC0 49] LinuxAArch64Server, [000001503C969300][0000015039230E80 49] Android, [000001503D8E9400][000001503920D100 49] Android_Low, [000001503C968800][0000015039235380 49] Android_Mid, [000001503D8EBA00][000001503923D640 49] Android_High, [000001503C968F00][0000015035099900 49] Android_Default, [000001503D8E8A00][000001503509DBC0 49] Android_Adreno4xx, [000001503D8F7100][00000150350A0300 49] Android_Adreno5xx_Low, [000001503D8A9B00][00000150350A45C0 49] Android_Adreno5xx, [000001503D8F4100][00000150350A8880 49] Android_Adreno6xx, [000001503D8ABD00][00000150350ACB40 49] Android_Adreno6xx_Vulkan, [000001503D8F7700][00000150350B0E00 49] Android_Mali_T6xx, [000001503D8A8700][00000150350B50C0 49] Android_Mali_T7xx, [000001503D8F7200][0000015039239340 49] Android_Mali_T8xx, [000001503D8AA300][00000150350B95C0 49] Android_Mali_G71, [000001503D8F6B00][00000150350C1880 49] Android_Mali_G72, [000001503D8AB700][00000150350C5B40 49] Android_Mali_G72_Vulkan, [000001503D8F7C00][00000150350C8280 49] Android_Mali_G76, [000001503D8A9D00][00000150350CC540 49] Android_Mali_G76_Vulkan, [000001503D8F7B00][00000150350D0800 49] Android_Mali_G77, [000001503D8A9F00][00000150350D4AC0 49] Android_Mali_G77_Vulkan, [000001503D8F6A00][00000150350D8D80 49] Android_Mali_G78, [000001503D8A8100][00000150350DD040 49] Android_Mali_G78_Vulkan, [000001503D8F5500][00000150350E1300 49] Android_Mali_G710, [000001503D8AA900][00000150350BD580 49] Android_Mali_G710_Vulkan, [000001503D8F4600][000001503925D800 49] Android_Vulkan_SM5, [000001503D8ABB00][0000015039265AC0 49] Android_PowerVR_G6xxx, [000001503D8F7600][0000015039268200 49] Android_PowerVR_GT7xxx, [000001503D8AAB00][000001503926C4C0 49] Android_PowerVR_GE8xxx, [000001503D8F6200][0000015039270780 49] Android_PowerVR_GM9xxx, [000001503D8AB200][0000015039274A40 49] Android_PowerVR_GM9xxx_Vulkan, [000001503D8F6300][0000015039278D00 49] Android_TegraK1, [000001503D8A8F00][000001503927CFC0 49] Android_Unknown_Vulkan, [000001503D8F6700][0000015039281280 49] Lumin, [000001503D8A9C00][0000015039285540 49] Lumin_Desktop, [000001503D8F6800][00000150392617C0 49] HoloLens, 
[2021.10.14-01.41.19:906][  0]LogMeshReduction: Using QuadricMeshReduction for automatic static mesh reduction
[2021.10.14-01.41.19:906][  0]LogMeshReduction: Using SimplygonMeshReduction for automatic skeletal mesh reduction
[2021.10.14-01.41.19:908][  0]LogMeshReduction: Using ProxyLODMeshReduction for automatic mesh merging
[2021.10.14-01.41.19:908][  0]LogMeshReduction: No distributed automatic mesh merging module available
[2021.10.14-01.41.19:909][  0]LogMeshMerging: No distributed automatic mesh merging module available
[2021.10.14-01.41.19:947][  0]LogNetVersion: Prototype1 1.0.0, NetCL: 17155196, EngineNetVer: 17, GameNetVer: 0 (Checksum: 2881368394)
[2021.10.14-01.41.20:299][  0]LogTexture: Default maximum texture size for cubemaps generated from long-lat sources has been changed from 512 to unlimited. In order to preserve old behaiour for '/Engine/MapTemplates/Sky/DaylightAmbientCubemap.DaylightAmbientCubemap', its maximum texture size has been explicitly set to 512.
[2021.10.14-01.41.20:350][  0]LogHMD: PokeAHoleMaterial loaded successfully
[2021.10.14-01.41.20:818][  0]LogGauntlet: Display: Gauntlet Initialized
[2021.10.14-01.41.20:850][  0]LogPython: Using Python 3.7.7
[2021.10.14-01.41.21:830][  0]LogNiagaraDebuggerClient: Niagara Debugger Client Initialized | Session: DF3C546B47F65CE3FC6F71886A6CBE39 | Instance: 0D50930F43384764D90FFA91DF87F94F (DESKTOP-TPE999T-26360).
[2021.10.14-01.41.21:868][  0]LogCollectionManager: Loaded 0 collections in 0.004811 seconds
[2021.10.14-01.41.21:928][  0]LogFileCache: Scanning file cache for directory 'C:/Users/truth/Documents/DECO3500_Project/GamingForThePeople/VWC-Project/Prototype1/Saved/Collections/' took 0.02s
[2021.10.14-01.41.21:928][  0]LogFileCache: Scanning file cache for directory 'C:/Users/truth/Documents/DECO3500_Project/GamingForThePeople/VWC-Project/Prototype1/Content/Developers/truth/Collections/' took 0.03s
[2021.10.14-01.41.21:930][  0]LogCollectionManager: Fixed up redirectors for 0 collections in 0.000004 seconds (updated 0 objects)
[2021.10.14-01.41.22:321][  0]LogFileCache: Scanning file cache for directory 'C:/Users/truth/Documents/DECO3500_Project/GamingForThePeople/VWC-Project/Prototype1/Content/Collections/' took 0.01s
[2021.10.14-01.41.22:321][  0]LogTcpMessaging: Initializing TcpMessaging bridge
[2021.10.14-01.41.22:335][  0]LogUdpMessaging: Initializing bridge on interface 0.0.0.0:0 to multicast group 230.0.0.1:6666.
[2021.10.14-01.41.23:893][  0]LogSkeletalMesh: Display: [AssetLog] C:\Users\truth\Documents\DECO3500_Project\GamingForThePeople\VWC-Project\Prototype1\Content\Weapons\Launcher.uasset: Find and fix some bad tangent! please re-import this skeletal mesh asset to fix the issue. The shading of the skeletal mesh will be bad and faceted.
[2021.10.14-01.41.23:915][  0]LogSkeletalMesh: Display: [AssetLog] C:\Users\truth\Documents\DECO3500_Project\GamingForThePeople\VWC-Project\Prototype1\Content\Weapons\Rifle.uasset: Find and fix some bad tangent! please re-import this skeletal mesh asset to fix the issue. The shading of the skeletal mesh will be bad and faceted.
[2021.10.14-01.41.24:368][  0]SourceControl: Source control is disabled
[2021.10.14-01.41.24:370][  0]SourceControl: Source control is disabled
[2021.10.14-01.41.24:384][  0]SourceControl: Source control is disabled
[2021.10.14-01.41.24:406][  0]LogUProjectInfo: Found projects:
[2021.10.14-01.41.24:707][  0]LogOpenImageDenoise: OIDN starting up
[2021.10.14-01.41.24:841][  0]LogEOSSDK: Initializing EOSSDK Version:1.13.1-16972539
[2021.10.14-01.41.24:926][  0]LogOnline: Warning: OSS: EOSPlus failed to find the native OSS!
[2021.10.14-01.41.24:951][  0]LogAndroidPermission: UAndroidPermissionCallbackProxy::GetInstance
[2021.10.14-01.41.25:023][  0]LogAudioCaptureCore: Display: No Audio Capture implementations found. Audio input will be silent.
[2021.10.14-01.41.25:024][  0]LogAudioCaptureCore: Display: No Audio Capture implementations found. Audio input will be silent.
[2021.10.14-01.41.25:275][  0]LogOcInput: OculusInput pre-init called
[2021.10.14-01.41.25:305][  0]LogUObjectArray: 27923 objects as part of root set at end of initial load.
[2021.10.14-01.41.25:305][  0]LogUObjectAllocator: 8090544 out of 0 bytes used by permanent object pool.
[2021.10.14-01.41.25:307][  0]LogUObjectArray: CloseDisregardForGC: 0/0 objects in disregard for GC pool
[2021.10.14-01.41.25:485][  0]LogEngine: Initializing Engine...
[2021.10.14-01.41.25:493][  0]LogStats: UGameplayTagsManager::InitializeManager -  0.003 s
[2021.10.14-01.41.25:558][  0]LogInit: Initializing FReadOnlyCVARCache
[2021.10.14-01.41.25:559][  0]LogNetVersion: Set ProjectVersion to 1.0.0.0. Version Checksum will be recalculated on next use.
[2021.10.14-01.41.25:572][  0]LogInit: Texture streaming: Disabled
[2021.10.14-01.41.25:703][  0]LogInit: Display: Game Engine Initialized.
[2021.10.14-01.41.25:706][  0]LogNiagaraEditor: GEditor isn't valid! Particle reset commands will not work for Niagara components!
[2021.10.14-01.41.25:936][  0]LogInit: Display: Starting Game.
[2021.10.14-01.41.25:937][  0]LogNet: Browse: /Game/Maps/Highrise?Name=Player
[2021.10.14-01.41.25:938][  0]LogLoad: LoadMap: /Game/Maps/Highrise?Name=Player
[2021.10.14-01.41.25:939][  0]LogWorld: BeginTearingDown for /Temp/Untitled_0
[2021.10.14-01.41.25:946][  0]LogWorld: UWorld::CleanupWorld for Untitled, bSessionEnded=true, bCleanupResources=true
[2021.10.14-01.41.25:974][  0]LogUObjectHash: Compacting FUObjectHashTables data took   2.03ms
[2021.10.14-01.41.26:993][  0]LogTexture: Default maximum texture size for cubemaps generated from long-lat sources has been changed from 512 to unlimited. In order to preserve old behaiour for '/Game/Environment/Textures/T_FPS_HDR_01B.T_FPS_HDR_01B', its maximum texture size has been explicitly set to 512.
[2021.10.14-01.41.27:004][  0]LogTexture: Default maximum texture size for cubemaps generated from long-lat sources has been changed from 512 to unlimited. In order to preserve old behaiour for '/Game/Environment/Textures/T_FPS_HDR_01A.T_FPS_HDR_01A', its maximum texture size has been explicitly set to 512.
[2021.10.14-01.41.27:020][  0]LogTexture: Default maximum texture size for cubemaps generated from long-lat sources has been changed from 512 to unlimited. In order to preserve old behaiour for '/Game/Environment/Textures/T_Fps_Vista_Ref_Temp.T_Fps_Vista_Ref_Temp', its maximum texture size has been explicitly set to 512.
[2021.10.14-01.41.28:718][  0]LogAIModule: Creating AISystem for world Highrise
[2021.10.14-01.41.28:723][  0]LogLoad: Game class is 'ShooterGame_TeamDeathMatch'
[2021.10.14-01.41.28:723][  0]LogOnline: OSS: Creating online subsystem instance for: STEAM
[2021.10.14-01.41.28:727][  0]LogOnline: Verbose: STEAM: Steam: Starting SteamWorks. Client [0] Server [1]
[2021.10.14-01.41.28:733][  0]LogSteamShared: Warning: Steam Dedicated Server API failed to initialize.
[2021.10.14-01.41.28:735][  0]LogOnline: STEAM: [AppId: 0] Game Server API initialized 0
[2021.10.14-01.41.28:736][  0]LogOnline: Warning: STEAM: Failed to initialize Steam, this could be due to a Steam server and client running on the same machine. Try running with -NOSTEAM on the cmdline to disable.
[2021.10.14-01.41.28:740][  0]LogOnline: Display: STEAM: OnlineSubsystemSteam::Shutdown()
[2021.10.14-01.41.28:742][  0]LogOnline: Warning: STEAM: Steam API failed to initialize!
[2021.10.14-01.41.28:747][  0]LogOnline: Display: STEAM: OnlineSubsystemSteam::Shutdown()
[2021.10.14-01.41.28:751][  0]LogNetCore: DDoS detection status: detection enabled: 0 analytics enabled: 0
[2021.10.14-01.41.28:752][  0]LogInit: WinSock: Socket queue. Rx: 131072 (config 131072) Tx: 131072 (config 131072)
[2021.10.14-01.41.28:753][  0]LogNet: Created socket for bind address: 0.0.0.0 on port 17777
[2021.10.14-01.41.28:754][  0]PacketHandlerLog: Loaded PacketHandler component: Engine.EngineHandlerComponentFactory (StatelessConnectHandlerComponent)
[2021.10.14-01.41.28:756][  0]LogNet: GameNetDriver IpNetDriver_0 IpNetDriver listening on port 17777
[2021.10.14-01.41.28:761][  0]LogStreaming: Display: ULevelStreaming::RequestLevel(/Game/Maps/Highrise_Audio) is flushing async loading
[2021.10.14-01.41.28:761][  0]LogStreaming: Display: FlushAsyncLoading: 1 QueuedPackages, 0 AsyncPackages
[2021.10.14-01.41.29:053][  0]LogStreaming: Display: ULevelStreaming::RequestLevel(/Game/Maps/Highrise_Collisions_Temp) is flushing async loading
[2021.10.14-01.41.29:551][  0]LogStreaming: Display: ULevelStreaming::RequestLevel(/Game/Maps/Highrise_Gameplay) is flushing async loading
[2021.10.14-01.41.29:671][  0]LogStreaming: Display: ULevelStreaming::RequestLevel(/Game/Maps/Highrise_Lights) is flushing async loading
[2021.10.14-01.41.29:718][  0]LogStreaming: Display: ULevelStreaming::RequestLevel(/Game/Maps/Highrise_Vista) is flushing async loading
[2021.10.14-01.41.30:073][  0]LogTexture: Default maximum texture size for cubemaps generated from long-lat sources has been changed from 512 to unlimited. In order to preserve old behaiour for '/Engine/MapTemplates/daylight.daylight', its maximum texture size has been explicitly set to 512.
[2021.10.14-01.41.30:500][  0]LogWorld: Bringing World /Game/Maps/Highrise.Highrise up for play (max tick rate 30) at 2021.10.14-11.41.30
[2021.10.14-01.41.30:517][  0]LogOnline: Verbose: OSS: Listening for LAN beacon requests on 14001
[2021.10.14-01.41.30:522][  0]LogWorld: Bringing up level for play took: 0.062327
[2021.10.14-01.41.30:523][  0]LogGameMode: Display: Match State Changed from EnteringMap to WaitingToStart
[2021.10.14-01.41.30:534][  0]LogGameState: Match State Changed from EnteringMap to WaitingToStart
[2021.10.14-01.41.30:535][  0]LogLoad: Took 4.596162 seconds to LoadMap(/Game/Maps/Highrise)
[2021.10.14-01.41.30:536][  0]LogOnline: GotoState: NewState: Playing
[2021.10.14-01.41.30:567][  0]LogInit: Display: Engine is initialized. Leaving FEngineLoop::Init()
[2021.10.14-01.41.30:567][  0]LogLoad: (Engine Initialization) Total time: 23.04 seconds
[2021.10.14-01.41.30:569][  0]LogLoad: (Engine Initialization) Total Blueprint compile time: 0.00 seconds
[2021.10.14-01.41.30:609][  0]LogNet: NotifyAcceptingConnection accepted from: 127.0.0.1:51015
[2021.10.14-01.41.30:610][  0]LogHandshake: SendConnectChallenge. Timestamp: 0.033488, Cookie: 025207105102132196120247162020130054059050111055251182007074
[2021.10.14-01.41.30:613][  0]LogNet: NotifyAcceptingConnection accepted from: 127.0.0.1:51016
[2021.10.14-01.41.30:614][  0]LogHandshake: SendConnectChallenge. Timestamp: 0.033488, Cookie: 064202047122183025040222184137212115037085018063203147200197
[2021.10.14-01.41.30:615][  0]LogNet: NotifyAcceptingConnection accepted from: 127.0.0.1:51015
[2021.10.14-01.41.30:617][  0]LogHandshake: SendConnectChallenge. Timestamp: 0.033488, Cookie: 025207105102132196120247162020130054059050111055251182007074
[2021.10.14-01.41.30:618][  0]LogNet: NotifyAcceptingConnection accepted from: 127.0.0.1:51016
[2021.10.14-01.41.30:619][  0]LogHandshake: SendConnectChallenge. Timestamp: 0.033488, Cookie: 064202047122183025040222184137212115037085018063203147200197
[2021.10.14-01.41.30:637][  1]LogNet: NotifyAcceptingConnection accepted from: 127.0.0.1:51015
[2021.10.14-01.41.30:638][  1]LogHandshake: SendChallengeAck. InCookie: 025207105102132196120247162020130054059050111055251182007074
[2021.10.14-01.41.30:641][  1]LogNet: Server accepting post-challenge connection from: 127.0.0.1:51015
[2021.10.14-01.41.30:643][  1]PacketHandlerLog: Loaded PacketHandler component: Engine.EngineHandlerComponentFactory (StatelessConnectHandlerComponent)
[2021.10.14-01.41.30:644][  1]LogNet: NotifyAcceptedConnection: Name: Highrise, TimeStamp: 10/14/21 11:41:30, [UNetConnection] RemoteAddr: 127.0.0.1:51015, Name: IpConnection_0, Driver: GameNetDriver IpNetDriver_0, IsServer: YES, PC: NULL, Owner: NULL, UniqueId: INVALID
[2021.10.14-01.41.30:645][  1]LogNet: AddClientConnection: Added client connection: [UNetConnection] RemoteAddr: 127.0.0.1:51015, Name: IpConnection_0, Driver: GameNetDriver IpNetDriver_0, IsServer: YES, PC: NULL, Owner: NULL, UniqueId: INVALID
[2021.10.14-01.41.30:646][  1]LogNet: NotifyAcceptingConnection accepted from: 127.0.0.1:51016
[2021.10.14-01.41.30:647][  1]LogHandshake: SendChallengeAck. InCookie: 064202047122183025040222184137212115037085018063203147200197
[2021.10.14-01.41.30:649][  1]LogNet: Server accepting post-challenge connection from: 127.0.0.1:51016
[2021.10.14-01.41.30:651][  1]PacketHandlerLog: Loaded PacketHandler component: Engine.EngineHandlerComponentFactory (StatelessConnectHandlerComponent)
[2021.10.14-01.41.30:651][  1]LogNet: NotifyAcceptedConnection: Name: Highrise, TimeStamp: 10/14/21 11:41:30, [UNetConnection] RemoteAddr: 127.0.0.1:51016, Name: IpConnection_1, Driver: GameNetDriver IpNetDriver_0, IsServer: YES, PC: NULL, Owner: NULL, UniqueId: INVALID
[2021.10.14-01.41.30:652][  1]LogNet: AddClientConnection: Added client connection: [UNetConnection] RemoteAddr: 127.0.0.1:51016, Name: IpConnection_1, Driver: GameNetDriver IpNetDriver_0, IsServer: YES, PC: NULL, Owner: NULL, UniqueId: INVALID
[2021.10.14-01.41.30:654][  1]LogHandshake: Received unexpected post-connect handshake packet - resending ack for LastChallengeSuccessAddress 127.0.0.1:51015 and LastCookie 025207105102132196120247162020130054059050111055251182007074.
[2021.10.14-01.41.30:659][  1]LogHandshake: SendChallengeAck. InCookie: 025207105102132196120247162020130054059050111055251182007074
[2021.10.14-01.41.30:660][  1]LogHandshake: Received unexpected post-connect handshake packet - resending ack for LastChallengeSuccessAddress 127.0.0.1:51016 and LastCookie 064202047122183025040222184137212115037085018063203147200197.
[2021.10.14-01.41.30:662][  1]LogHandshake: SendChallengeAck. InCookie: 064202047122183025040222184137212115037085018063203147200197
[2021.10.14-01.41.30:663][  1]LogNet: NotifyAcceptingChannel Control 0 server World /Game/Maps/Highrise.Highrise: Accepted
[2021.10.14-01.41.30:664][  1]LogNet: Remote platform little endian=1
[2021.10.14-01.41.30:665][  1]LogNet: This platform little endian=1
[2021.10.14-01.41.30:666][  1]LogNetVersion: Prototype1 1.0.0.0, NetCL: 17155196, EngineNetVer: 17, GameNetVer: 0 (Checksum: 3062588001)
[2021.10.14-01.41.30:672][  2]LogNet: NotifyAcceptingChannel Control 0 server World /Game/Maps/Highrise.Highrise: Accepted
[2021.10.14-01.41.30:673][  2]LogNet: Remote platform little endian=1
[2021.10.14-01.41.30:674][  2]LogNet: This platform little endian=1
[2021.10.14-01.41.30:675][  2]LogNet: Login request: ?Name=DESKTOP-TPE999T-... userId: NULL:DESKTOP-TPE999T-BECB014443982298494F3BA020070778 platform: NULL
[2021.10.14-01.41.30:706][  3]LogNet: Login request: ?Name=DESKTOP-TPE999T-... userId: NULL:DESKTOP-TPE999T-77125D9F4280E75BABF19D9EF038B336 platform: NULL
[2021.10.14-01.41.30:739][  4]LogNet: Client netspeed is 100000
[2021.10.14-01.41.33:755][ 94]LogNet: Client netspeed is 100000
[2021.10.14-01.41.33:756][ 94]LogNet: Join request: /Game/Maps/Sanctuary?Name=DESKTOP-TPE999T-...?SplitscreenCount=1
[2021.10.14-01.41.33:763][ 94]LogNet: Join succeeded: DESKTOP-TPE999T-...
[2021.10.14-01.41.33:764][ 94]LogNet: Join request: /Game/Maps/Sanctuary?Name=DESKTOP-TPE999T-...?SplitscreenCount=1
[2021.10.14-01.41.33:767][ 94]LogNet: Join succeeded: DESKTOP-TPE999T-...
[2021.10.14-01.41.42:856][365]LogNet: UChannel::ReceivedSequencedBunch: Bunch.bClose == true. ChIndex == 0. Calling ConditionalCleanUp.
[2021.10.14-01.41.42:857][365]LogNet: UChannel::CleanUp: ChIndex == 0. Closing connection. [UChannel] ChIndex: 0, Closing: 0 [UNetConnection] RemoteAddr: 127.0.0.1:51015, Name: IpConnection_0, Driver: GameNetDriver IpNetDriver_0, IsServer: YES, PC: ShooterPlayerController_0, Owner: ShooterPlayerController_0, UniqueId: NULL:DESKTOP-TPE999T-BECB014443982298494F3BA020070778
[2021.10.14-01.41.42:861][365]LogNet: UNetConnection::Close: [UNetConnection] RemoteAddr: 127.0.0.1:51015, Name: IpConnection_0, Driver: GameNetDriver IpNetDriver_0, IsServer: YES, PC: ShooterPlayerController_0, Owner: ShooterPlayerController_0, UniqueId: NULL:DESKTOP-TPE999T-BECB014443982298494F3BA020070778, Channels: 31, Time: 2021.10.14-01.41.42
[2021.10.14-01.41.42:914][365]LogNet: UChannel::Close: Sending CloseBunch. ChIndex == 0. Name: [UChannel] ChIndex: 0, Closing: 0 [UNetConnection] RemoteAddr: 127.0.0.1:51015, Name: IpConnection_0, Driver: GameNetDriver IpNetDriver_0, IsServer: YES, PC: ShooterPlayerController_0, Owner: ShooterPlayerController_0, UniqueId: NULL:DESKTOP-TPE999T-BECB014443982298494F3BA020070778
[2021.10.14-01.41.45:619][447]LogGameMode: Display: Match State Changed from WaitingToStart to InProgress
[2021.10.14-01.41.45:620][447]LogOnlineGame: Starting session GameSession on server
[2021.10.14-01.41.45:630][447]LogGameState: Match State Changed from WaitingToStart to InProgress
[2021.10.14-01.41.50:860][604]LogOnline: Verbose: OSS: Received 32 bytes from 10.89.157.100:14001
[2021.10.14-01.41.50:861][604]LogOnline: Verbose: OSS: Sending 297 bytes to 255.255.255.255:14001
[2021.10.14-01.41.50:864][604]LogOnline: Verbose: OSS: Received 297 bytes from 10.89.157.100:14001
[2021.10.14-01.41.51:868][634]LogOnline: Verbose: OSS: Received 32 bytes from 10.89.157.100:14001
[2021.10.14-01.41.51:868][634]LogOnline: Verbose: OSS: Sending 297 bytes to 255.255.255.255:14001
[2021.10.14-01.41.51:871][634]LogOnline: Verbose: OSS: Received 297 bytes from 10.89.157.100:14001
[2021.10.14-01.41.52:871][664]LogOnline: Verbose: OSS: Received 32 bytes from 10.89.157.100:14001
[2021.10.14-01.41.52:872][664]LogOnline: Verbose: OSS: Sending 297 bytes to 255.255.255.255:14001
[2021.10.14-01.41.52:875][664]LogOnline: Verbose: OSS: Received 297 bytes from 10.89.157.100:14001
[2021.10.14-01.41.53:883][694]LogOnline: Verbose: OSS: Received 32 bytes from 10.89.157.100:14001
[2021.10.14-01.41.53:883][694]LogOnline: Verbose: OSS: Sending 297 bytes to 255.255.255.255:14001
[2021.10.14-01.41.53:888][694]LogOnline: Verbose: OSS: Received 297 bytes from 10.89.157.100:14001
[2021.10.14-01.42.02:998][965]LogNet: NotifyAcceptingConnection accepted from: 10.89.157.100:50600
[2021.10.14-01.42.02:999][965]LogHandshake: SendConnectChallenge. Timestamp: 32.428070, Cookie: 073205187002152131211217225002130060183157009148115221009133
[2021.10.14-01.42.03:031][966]LogNet: NotifyAcceptingConnection accepted from: 10.89.157.100:50600
[2021.10.14-01.42.03:032][966]LogHandshake: SendChallengeAck. InCookie: 073205187002152131211217225002130060183157009148115221009133
[2021.10.14-01.42.03:035][966]LogNet: Server accepting post-challenge connection from: 10.89.157.100:50600
[2021.10.14-01.42.03:065][966]PacketHandlerLog: Loaded PacketHandler component: Engine.EngineHandlerComponentFactory (StatelessConnectHandlerComponent)
[2021.10.14-01.42.03:068][966]LogNet: NotifyAcceptedConnection: Name: Highrise, TimeStamp: 10/14/21 11:42:03, [UNetConnection] RemoteAddr: 10.89.157.100:50600, Name: IpConnection_2, Driver: GameNetDriver IpNetDriver_0, IsServer: YES, PC: NULL, Owner: NULL, UniqueId: INVALID
[2021.10.14-01.42.03:071][966]LogNet: AddClientConnection: Added client connection: [UNetConnection] RemoteAddr: 10.89.157.100:50600, Name: IpConnection_2, Driver: GameNetDriver IpNetDriver_0, IsServer: YES, PC: NULL, Owner: NULL, UniqueId: INVALID
[2021.10.14-01.42.03:072][966]LogNet: NotifyAcceptingChannel Control 0 server World /Game/Maps/Highrise.Highrise: Accepted
[2021.10.14-01.42.03:073][966]LogNet: Remote platform little endian=1
[2021.10.14-01.42.03:074][966]LogNet: This platform little endian=1
[2021.10.14-01.42.03:116][968]LogNet: Login request: ?Name=DESKTOP-TPE999T-... userId: NULL:DESKTOP-TPE999T-BECB014443982298494F3BA020070778 platform: NULL
[2021.10.14-01.42.03:151][969]LogNet: Client netspeed is 100000
[2021.10.14-01.42.08:435][127]LogNet: Join request: /Game/Maps/Sanctuary?Name=DESKTOP-TPE999T-...?SplitscreenCount=1
[2021.10.14-01.42.08:450][127]LogNet: Join succeeded: DESKTOP-TPE999T-...
[2021.10.14-01.43.32:108][621]LogNet: UChannel::ReceivedSequencedBunch: Bunch.bClose == true. ChIndex == 0. Calling ConditionalCleanUp.
[2021.10.14-01.43.32:109][621]LogNet: UChannel::CleanUp: ChIndex == 0. Closing connection. [UChannel] ChIndex: 0, Closing: 0 [UNetConnection] RemoteAddr: 10.89.157.100:50600, Name: IpConnection_2, Driver: GameNetDriver IpNetDriver_0, IsServer: YES, PC: ShooterPlayerController_2, Owner: ShooterPlayerController_2, UniqueId: NULL:DESKTOP-TPE999T-BECB014443982298494F3BA020070778
[2021.10.14-01.43.32:114][621]LogNet: UNetConnection::Close: [UNetConnection] RemoteAddr: 10.89.157.100:50600, Name: IpConnection_2, Driver: GameNetDriver IpNetDriver_0, IsServer: YES, PC: ShooterPlayerController_2, Owner: ShooterPlayerController_2, UniqueId: NULL:DESKTOP-TPE999T-BECB014443982298494F3BA020070778, Channels: 36, Time: 2021.10.14-01.43.32
[2021.10.14-01.43.32:120][621]LogNet: UChannel::Close: Sending CloseBunch. ChIndex == 0. Name: [UChannel] ChIndex: 0, Closing: 0 [UNetConnection] RemoteAddr: 10.89.157.100:50600, Name: IpConnection_2, Driver: GameNetDriver IpNetDriver_0, IsServer: YES, PC: ShooterPlayerController_2, Owner: ShooterPlayerController_2, UniqueId: NULL:DESKTOP-TPE999T-BECB014443982298494F3BA020070778
[2021.10.14-01.44.20:057][ 52]LogOnline: Verbose: OSS: Received 32 bytes from 10.89.157.100:14001
[2021.10.14-01.44.20:059][ 52]LogOnline: Verbose: OSS: Sending 297 bytes to 255.255.255.255:14001
[2021.10.14-01.44.20:063][ 52]LogOnline: Verbose: OSS: Received 297 bytes from 10.89.157.100:14001
[2021.10.14-01.44.21:025][ 81]LogOnline: Verbose: OSS: Received 32 bytes from 10.89.157.100:14001
[2021.10.14-01.44.21:028][ 81]LogOnline: Verbose: OSS: Sending 297 bytes to 255.255.255.255:14001
[2021.10.14-01.44.21:032][ 81]LogOnline: Verbose: OSS: Received 297 bytes from 10.89.157.100:14001
[2021.10.14-01.44.22:065][112]LogOnline: Verbose: OSS: Received 32 bytes from 10.89.157.100:14001
[2021.10.14-01.44.22:066][112]LogOnline: Verbose: OSS: Sending 297 bytes to 255.255.255.255:14001
[2021.10.14-01.44.22:070][112]LogOnline: Verbose: OSS: Received 297 bytes from 10.89.157.100:14001
[2021.10.14-01.44.23:094][143]LogOnline: Verbose: OSS: Received 32 bytes from 10.89.157.100:14001
[2021.10.14-01.44.23:095][143]LogOnline: Verbose: OSS: Sending 297 bytes to 255.255.255.255:14001
[2021.10.14-01.44.23:101][143]LogOnline: Verbose: OSS: Received 297 bytes from 10.89.157.100:14001
[2021.10.14-01.44.28:178][294]LogNet: NotifyAcceptingConnection accepted from: 10.89.157.100:61361
[2021.10.14-01.44.28:178][294]LogHandshake: SendConnectChallenge. Timestamp: 177.607526, Cookie: 006226139133072151211219178063207135210207173239053013044024
[2021.10.14-01.44.28:211][295]LogNet: NotifyAcceptingConnection accepted from: 10.89.157.100:61361
[2021.10.14-01.44.28:212][295]LogHandshake: SendChallengeAck. InCookie: 006226139133072151211219178063207135210207173239053013044024
[2021.10.14-01.44.28:215][295]LogNet: Server accepting post-challenge connection from: 10.89.157.100:61361
[2021.10.14-01.44.28:222][295]PacketHandlerLog: Loaded PacketHandler component: Engine.EngineHandlerComponentFactory (StatelessConnectHandlerComponent)
[2021.10.14-01.44.28:224][295]LogNet: NotifyAcceptedConnection: Name: Highrise, TimeStamp: 10/14/21 11:44:28, [UNetConnection] RemoteAddr: 10.89.157.100:61361, Name: IpConnection_3, Driver: GameNetDriver IpNetDriver_0, IsServer: YES, PC: NULL, Owner: NULL, UniqueId: INVALID
[2021.10.14-01.44.28:226][295]LogNet: AddClientConnection: Added client connection: [UNetConnection] RemoteAddr: 10.89.157.100:61361, Name: IpConnection_3, Driver: GameNetDriver IpNetDriver_0, IsServer: YES, PC: NULL, Owner: NULL, UniqueId: INVALID
[2021.10.14-01.44.28:234][295]LogNet: NotifyAcceptingChannel Control 0 server World /Game/Maps/Highrise.Highrise: Accepted
[2021.10.14-01.44.28:297][295]LogNet: Remote platform little endian=1
[2021.10.14-01.44.28:302][295]LogNet: This platform little endian=1
[2021.10.14-01.44.28:345][297]LogNet: Login request: ?Name=DESKTOP-TPE999T-... userId: NULL:DESKTOP-TPE999T-BECB014443982298494F3BA020070778 platform: NULL
[2021.10.14-01.44.28:393][298]LogNet: Client netspeed is 100000
[2021.10.14-01.44.37:196][557]LogNet: Join request: /Game/Maps/Sanctuary?Name=DESKTOP-TPE999T-...?SplitscreenCount=1
[2021.10.14-01.44.37:209][557]LogNet: Join succeeded: DESKTOP-TPE999T-...
[2021.10.14-01.46.45:627][383]LogGameMode: Display: Match State Changed from InProgress to WaitingPostMatch
[2021.10.14-01.46.45:629][383]LogOnlineGame: Ending session GameSession on server
[2021.10.14-01.46.45:632][383]LogGameState: Match State Changed from InProgress to WaitingPostMatch
[2021.10.14-01.46.53:703][624]LogNet: UNetConnection::Cleanup: Closing open connection. [UNetConnection] RemoteAddr: 10.89.157.100:61361, Name: IpConnection_3, Driver: GameNetDriver IpNetDriver_0, IsServer: YES, PC: ShooterPlayerController_3, Owner: ShooterPlayerController_3, UniqueId: NULL:DESKTOP-TPE999T-BECB014443982298494F3BA020070778
[2021.10.14-01.46.53:710][624]LogNet: UNetConnection::Close: [UNetConnection] RemoteAddr: 10.89.157.100:61361, Name: IpConnection_3, Driver: GameNetDriver IpNetDriver_0, IsServer: YES, PC: ShooterPlayerController_3, Owner: ShooterPlayerController_3, UniqueId: NULL:DESKTOP-TPE999T-BECB014443982298494F3BA020070778, Channels: 36, Time: 2021.10.14-01.46.53
[2021.10.14-01.46.53:712][624]LogNet: UChannel::Close: Sending CloseBunch. ChIndex == 0. Name: [UChannel] ChIndex: 0, Closing: 0 [UNetConnection] RemoteAddr: 10.89.157.100:61361, Name: IpConnection_3, Driver: GameNetDriver IpNetDriver_0, IsServer: YES, PC: ShooterPlayerController_3, Owner: ShooterPlayerController_3, UniqueId: NULL:DESKTOP-TPE999T-BECB014443982298494F3BA020070778
[2021.10.14-01.47.00:638][831]LogGameMode: Display: Match State Changed from WaitingPostMatch to LeavingMap
[2021.10.14-01.47.00:638][831]LogGameState: Match State Changed from WaitingPostMatch to LeavingMap
[2021.10.14-01.47.00:643][831]LogGameMode: ProcessServerTravel: ?Restart
[2021.10.14-01.47.00:649][831]LogWorld: SeamlessTravel to: /Game/Maps/Highrise
[2021.10.14-01.47.00:670][832]LogWorld: BeginTearingDown for /Game/Maps/Highrise
[2021.10.14-01.47.00:679][832]LogWorld: UWorld::CleanupWorld for Highrise, bSessionEnded=false, bCleanupResources=true
[2021.10.14-01.47.00:692][832]LogWorld: UWorld::CleanupWorld for Highrise_Audio, bSessionEnded=false, bCleanupResources=true
[2021.10.14-01.47.00:693][832]LogWorld: UWorld::CleanupWorld for Highrise_Collisions_Temp, bSessionEnded=false, bCleanupResources=true
[2021.10.14-01.47.00:694][832]LogWorld: UWorld::CleanupWorld for Highrise_Gameplay, bSessionEnded=false, bCleanupResources=true
[2021.10.14-01.47.00:696][832]LogWorld: UWorld::CleanupWorld for Highrise_Lights, bSessionEnded=false, bCleanupResources=true
[2021.10.14-01.47.00:698][832]LogWorld: UWorld::CleanupWorld for Highrise_Vista, bSessionEnded=false, bCleanupResources=true
